Log file open, 10/09/17 11:46:38
LogWindows: Failed to load 'aqProf.dll' (GetLastError=126)
LogWindows: File 'aqProf.dll' does not exist
LogWindows: Failed to load 'VtuneApi.dll' (GetLastError=126)
LogWindows: File 'VtuneApi.dll' does not exist
LogWindows: Failed to load 'VtuneApi32e.dll' (GetLastError=126)
LogWindows: File 'VtuneApi32e.dll' does not exist
LogInit: Display: Running engine for game: UE4_VFX
LogPlatformFile: Not using cached read wrapper
LogInit: Display: RandInit(-917678781) SRandInit(-917678781).
LogTaskGraph: Started task graph with 5 named threads and 20 total threads with 3 sets of task threads.
LogStats: Stats thread started at 0.254953
LogD3D11RHI: Aftermath initialized
LogPluginManager: Mounting plugin Paper2D
LogPluginManager: Mounting plugin LightPropagationVolume
LogPluginManager: Mounting plugin CodeLiteSourceCodeAccess
LogPluginManager: Mounting plugin GitSourceControl
LogPluginManager: Mounting plugin KDevelopSourceCodeAccess
LogPluginManager: Mounting plugin NullSourceCodeAccess
LogPluginManager: Mounting plugin PerforceSourceControl
LogPluginManager: Mounting plugin SubversionSourceControl
LogPluginManager: Mounting plugin UObjectPlugin
LogPluginManager: Mounting plugin VisualStudioSourceCodeAccess
LogPluginManager: Mounting plugin XCodeSourceCodeAccess
LogPluginManager: Mounting plugin AssetManagerEditor
LogPluginManager: Mounting plugin AudioCapture
LogPluginManager: Mounting plugin FacialAnimation
LogPluginManager: Mounting plugin GameplayTagsEditor
LogPluginManager: Mounting plugin MobileLauncherProfileWizard
LogPluginManager: Mounting plugin PluginBrowser
LogPluginManager: Mounting plugin SpeedTreeImporter
LogPluginManager: Mounting plugin AlembicImporter
LogPluginManager: Mounting plugin CharacterAI
LogPluginManager: Mounting plugin HTML5Networking
LogPluginManager: Mounting plugin AndroidMedia
LogPluginManager: Mounting plugin AvfMedia
LogPluginManager: Mounting plugin MediaPlayerEditor
LogPluginManager: Mounting plugin WmfMedia
LogPluginManager: Mounting plugin TcpMessaging
LogPluginManager: Mounting plugin UdpMessaging
LogPluginManager: Mounting plugin LevelSequenceEditor
LogPluginManager: Mounting plugin MatineeToLevelSequence
LogPluginManager: Mounting plugin OnlineSubsystemGooglePlay
LogPluginManager: Mounting plugin OnlineSubsystemIOS
LogPluginManager: Mounting plugin OnlineSubsystem
LogPluginManager: Mounting plugin OnlineSubsystemNull
LogPluginManager: Mounting plugin OnlineSubsystemUtils
LogPluginManager: Mounting plugin AndroidDeviceProfileSelector
LogPluginManager: Mounting plugin AndroidMoviePlayer
LogPluginManager: Mounting plugin AndroidPermission
LogPluginManager: Mounting plugin AppleMoviePlayer
LogPluginManager: Mounting plugin ArchVisCharacter
LogPluginManager: Mounting plugin CableComponent
LogPluginManager: Mounting plugin CustomMeshComponent
LogPluginManager: Mounting plugin ExampleDeviceProfileSelector
LogPluginManager: Mounting plugin GoogleCloudMessaging
LogPluginManager: Mounting plugin ImmediatePhysics
LogPluginManager: Mounting plugin IOSDeviceProfileSelector
LogPluginManager: Mounting plugin LinuxDeviceProfileSelector
LogPluginManager: Mounting plugin LocationServicesBPLibrary
LogPluginManager: Mounting plugin MobilePatchingUtils
LogPluginManager: Mounting plugin OculusVR
LogPluginManager: Mounting plugin PhysXVehicles
LogPluginManager: Mounting plugin ProceduralMeshComponent
LogPluginManager: Mounting plugin RuntimePhysXCooking
LogPluginManager: Mounting plugin SteamVR
LogPluginManager: Mounting plugin WindowsMoviePlayer
LogInit: Using libcurl 7.47.1
LogInit:  - built for x86_64-pc-win32
LogInit:  - supports SSL with OpenSSL/1.0.2g
LogInit:  - supports HTTP deflate (compression) using libz 1.2.8
LogInit:  - other features:
LogInit:      CURL_VERSION_SSL
LogInit:      CURL_VERSION_LIBZ
LogInit:      CURL_VERSION_IPV6
LogInit:      CURL_VERSION_ASYNCHDNS
LogInit:      CURL_VERSION_LARGEFILE
LogInit:      CURL_VERSION_IDN
LogInit:  CurlRequestOptions (configurable via config and command line):
LogInit:  - bVerifyPeer = false  - Libcurl will NOT verify peer certificate
LogInit:  - bUseHttpProxy = false  - Libcurl will NOT use HTTP proxy
LogInit:  - bDontReuseConnections = false  - Libcurl will reuse connections
LogInit:  - CertBundlePath = nullptr  - Libcurl will use whatever was configured at build time.
LogInit: Build: ++UE4+Release-4.17-CL-3658906
LogInit: Engine Version: 4.17.2-3658906+++UE4+Release-4.17
LogInit: Compatible Engine Version: 4.17.0-3573198+++UE4+Release-4.17
LogInit: Net CL: 3573198
LogDevObjectVersion: Number of dev versions registered: 16
LogDevObjectVersion:   Dev-Blueprints (B0D832E4-1F89-4F0D-ACCF-7EB736FD4AA2): 10
LogDevObjectVersion:   Dev-Build (E1C64328-A22C-4D53-A36C-8E866417BD8C): 0
LogDevObjectVersion:   Dev-Core (375EC13C-06E4-48FB-B500-84F0262A717E): 2
LogDevObjectVersion:   Dev-Editor (E4B068ED-F494-42E9-A231-DA0B2E46BB41): 20
LogDevObjectVersion:   Dev-Framework (CFFC743F-43B0-4480-9391-14DF171D2073): 28
LogDevObjectVersion:   Dev-Mobile (B02B49B5-BB20-44E9-A304-32B752E40360): 0
LogDevObjectVersion:   Dev-Networking (A4E4105C-59A1-49B5-A7C5-40C4547EDFEE): 0
LogDevObjectVersion:   Dev-Online (39C831C9-5AE6-47DC-9A44-9C173E1C8E7C): 0
LogDevObjectVersion:   Dev-Physics (78F01B33-EBEA-4F98-B9B4-84EACCB95AA2): 0
LogDevObjectVersion:   Dev-Platform (6631380F-2D4D-43E0-8009-CF276956A95A): 0
LogDevObjectVersion:   Dev-Rendering (12F88B9F-8875-4AFC-A67C-D90C383ABD29): 19
LogDevObjectVersion:   Dev-Sequencer (7B5AE74C-D270-4C10-A958-57980B212A5A): 4
LogDevObjectVersion:   Dev-VR (D7296918-1DD6-4BDD-9DE2-64A83CC13884): 0
LogDevObjectVersion:   Dev-LoadTimes (C2A15278-BFE7-4AFE-6C17-90FF531DF755): 1
LogDevObjectVersion:   Private-Geometry (6EACA3D4-40EC-4CC1-B786-8BED09428FC5): 1
LogDevObjectVersion:   Dev-AnimPhys (29E575DD-E0A3-4627-9D10-D276232CDCEA): 7
LogInit: Compiled (64-bit): Sep 22 2017 13:47:16
LogInit: Compiled with Visual C++: 19.00.24215.01
LogInit: Build Configuration: Development
LogInit: Branch Name: ++UE4+Release-4.17
LogInit: Command line:  
LogInit: Base directory: C:/Program Files/Epic Games/UE_4.17/Engine/Binaries/Win64/
LogInit: Installed Engine Build: 1
LogInit: Presizing for max 8388607 objects, including 0 objects not considered by GC, pre-allocating 0 bytes for permanent pool.
LogInit: Object subsystem initialized
[2017.10.09-17.46.39:374][  0]LogInit: Selected Device Profile: [Windows]
[2017.10.09-17.46.39:374][  0]LogInit: Applying CVar settings loaded from the selected device profile: [Windows]
[2017.10.09-17.46.39:386][  0]LogInit: Computer: NOITS-TOWER
[2017.10.09-17.46.39:386][  0]LogInit: User: Nate
[2017.10.09-17.46.39:386][  0]LogInit: CPU Page size=4096, Cores=6
[2017.10.09-17.46.39:386][  0]LogInit: High frequency timer resolution =3.509027 MHz
[2017.10.09-17.46.39:386][  0]LogMemory: Memory total: Physical=15.9GB (16GB approx)
[2017.10.09-17.46.39:386][  0]LogMemory: Platform Memory Stats for Windows
[2017.10.09-17.46.39:386][  0]LogMemory: Process Physical Memory: 279.82 MB used, 279.82 MB peak
[2017.10.09-17.46.39:386][  0]LogMemory: Process Virtual Memory: 280.57 MB used, 280.57 MB peak
[2017.10.09-17.46.39:386][  0]LogMemory: Physical Memory: 6168.46 MB used,  10151.88 MB free, 16320.34 MB total
[2017.10.09-17.46.39:386][  0]LogMemory: Virtual Memory: 680.51 MB used,  10151.88 MB free, 134217728.00 MB total
[2017.10.09-17.46.39:569][  0]LogInit: Using OS detected language (en-US).
[2017.10.09-17.46.39:569][  0]LogInit: Using OS detected locale (en-US).
[2017.10.09-17.46.39:573][  0]LogTextLocalizationManager: No specific localization for 'en-US' exists, so the 'en' localization will be used.
[2017.10.09-17.46.40:326][  0]LogD3D11RHI: D3D11 adapters:
[2017.10.09-17.46.40:354][  0]LogD3D11RHI:    0. 'Radeon (TM) RX 480 Graphics' (Feature Level 11_0)
[2017.10.09-17.46.40:354][  0]LogD3D11RHI:       8139/0/8160 MB DedicatedVideo/DedicatedSystem/SharedSystem, Outputs:1, VendorId:0x1002
[2017.10.09-17.46.40:355][  0]LogD3D11RHI:    1. 'Microsoft Basic Render Driver' (Feature Level 11_0)
[2017.10.09-17.46.40:355][  0]LogD3D11RHI:       0/0/8160 MB DedicatedVideo/DedicatedSystem/SharedSystem, Outputs:0, VendorId:0x1414
[2017.10.09-17.46.40:355][  0]LogD3D11RHI: Chosen D3D11 Adapter: 0
[2017.10.09-17.46.40:366][  0]LogD3D11RHI: Creating new Direct3DDevice
[2017.10.09-17.46.40:366][  0]LogD3D11RHI:     GPU DeviceId: 0x67df (for the marketing name, search the web for "GPU Device Id")
[2017.10.09-17.46.40:366][  0]LogWindows: EnumDisplayDevices:
[2017.10.09-17.46.40:366][  0]LogWindows:    0. 'Radeon (TM) RX 480 Graphics' (P:1 D:1)
[2017.10.09-17.46.40:367][  0]LogWindows:    1. 'Radeon (TM) RX 480 Graphics' (P:0 D:0)
[2017.10.09-17.46.40:367][  0]LogWindows:    2. 'Radeon (TM) RX 480 Graphics' (P:0 D:0)
[2017.10.09-17.46.40:367][  0]LogWindows:    3. 'Radeon (TM) RX 480 Graphics' (P:0 D:0)
[2017.10.09-17.46.40:367][  0]LogWindows:    4. 'Radeon (TM) RX 480 Graphics' (P:0 D:0)
[2017.10.09-17.46.40:367][  0]LogWindows:    5. 'Radeon (TM) RX 480 Graphics' (P:0 D:0)
[2017.10.09-17.46.40:368][  0]LogWindows: DebugString: FoundDriverCount:6 
[2017.10.09-17.46.40:368][  0]LogD3D11RHI:     Adapter Name: Radeon (TM) RX 480 Graphics
[2017.10.09-17.46.40:368][  0]LogD3D11RHI:   Driver Version: Crimson ReLive 17.7.2 (internal:22.19.662.4, unified:22.19.662.4)
[2017.10.09-17.46.40:368][  0]LogD3D11RHI:      Driver Date: 7-20-2017
[2017.10.09-17.46.40:368][  0]LogRHI: Texture pool is 1361 MB (70% of 1945 MB)
[2017.10.09-17.46.40:404][  0]LogD3D11RHI: Async texture creation enabled
[2017.10.09-17.46.40:414][  0]LogD3D11RHI: GPU Timing Frequency: 25.000000 (Debug: 2 1)
[2017.10.09-17.46.40:415][  0]LogShaderCompilers: Guid format shader working directory is 0 characters bigger than the processId version (../../../../../../VFX.Nate.git/trunk/UE4_VFX/Intermediate/Shaders/WorkingDirectory/15616/).
[2017.10.09-17.46.40:415][  0]LogShaderCompilers: Cleaned the shader compiler working directory 'C:/Users/Nate/AppData/Local/Temp/UnrealShaderWorkingDir/B0C0E5E247038D8B2871318CE4787783/'.
[2017.10.09-17.46.40:415][  0]LogShaderCompilers: Display: Using Local Shader Compiler.
[2017.10.09-17.46.41:335][  0]LogTemp: Display: Loaded TP AllDesktopTargetPlatform
[2017.10.09-17.46.41:394][  0]LogTemp: Display: Loaded TP MacClientTargetPlatform
[2017.10.09-17.46.41:457][  0]LogTemp: Display: Loaded TP MacNoEditorTargetPlatform
[2017.10.09-17.46.41:528][  0]LogTemp: Display: Loaded TP MacServerTargetPlatform
[2017.10.09-17.46.41:588][  0]LogTemp: Display: Loaded TP MacTargetPlatform
[2017.10.09-17.46.41:646][  0]LogTemp: Display: Loaded TP WindowsClientTargetPlatform
[2017.10.09-17.46.41:702][  0]LogTemp: Display: Loaded TP WindowsNoEditorTargetPlatform
[2017.10.09-17.46.41:758][  0]LogTemp: Display: Loaded TP WindowsServerTargetPlatform
[2017.10.09-17.46.41:806][  0]LogTemp: Display: Loaded TP WindowsTargetPlatform
[2017.10.09-17.46.41:860][  0]LogTemp: Display: Loaded TP AndroidTargetPlatform
[2017.10.09-17.46.41:914][  0]LogTemp: Display: Loaded TP Android_ASTCTargetPlatform
[2017.10.09-17.46.41:969][  0]LogTemp: Display: Loaded TP Android_ATCTargetPlatform
[2017.10.09-17.46.42:025][  0]LogTemp: Display: Loaded TP Android_DXTTargetPlatform
[2017.10.09-17.46.42:084][  0]LogTemp: Display: Loaded TP Android_ETC1TargetPlatform
[2017.10.09-17.46.42:139][  0]LogTemp: Display: Loaded TP Android_ETC2TargetPlatform
[2017.10.09-17.46.42:247][  0]LogTemp: Display: Loaded TP Android_MultiTargetPlatform
[2017.10.09-17.46.42:247][  0]LogTemp: Display: Loaded TP Android_PVRTCTargetPlatform
[2017.10.09-17.46.42:290][  0]LogTemp: Display: Loaded TP HTML5TargetPlatform
[2017.10.09-17.46.42:391][  0]LogTemp: Display: Loaded TP IOSTargetPlatform
[2017.10.09-17.46.42:423][  0]LogTemp: Display: Loaded TP TVOSTargetPlatform
[2017.10.09-17.46.42:479][  0]LogTemp: Display: Loaded TP LinuxClientTargetPlatform
[2017.10.09-17.46.42:534][  0]LogTemp: Display: Loaded TP LinuxNoEditorTargetPlatform
[2017.10.09-17.46.42:591][  0]LogTemp: Display: Loaded TP LinuxServerTargetPlatform
[2017.10.09-17.46.42:646][  0]LogTemp: Display: Loaded TP LinuxTargetPlatform
[2017.10.09-17.46.42:646][  0]LogTargetPlatformManager: Display: Building Assets For Windows
[2017.10.09-17.46.43:168][  0]LogDerivedDataCache: Display: Max Cache Size: 512 MB
[2017.10.09-17.46.43:291][  0]LogDerivedDataCache: Loaded boot cache 0.12s 93MB C:/Users/Nate/AppData/Local/UnrealEngine/4.17/DerivedDataCache/Boot.ddc.
[2017.10.09-17.46.43:291][  0]LogDerivedDataCache: Display: Loaded Boot cache: C:/Users/Nate/AppData/Local/UnrealEngine/4.17/DerivedDataCache/Boot.ddc
[2017.10.09-17.46.43:291][  0]LogDerivedDataCache: FDerivedDataBackendGraph:  Pak pak cache file ../../../../../../VFX.Nate.git/trunk/UE4_VFX/DerivedDataCache/DDC.ddp not found, will not use a pak cache.
[2017.10.09-17.46.43:291][  0]LogDerivedDataCache: Unable to find inner node Pak for hierarchical cache Hierarchy.
[2017.10.09-17.46.43:291][  0]LogDerivedDataCache: FDerivedDataBackendGraph:  CompressedPak pak cache file ../../../../../../VFX.Nate.git/trunk/UE4_VFX/DerivedDataCache/Compressed.ddp not found, will not use a pak cache.
[2017.10.09-17.46.43:291][  0]LogDerivedDataCache: Unable to find inner node CompressedPak for hierarchical cache Hierarchy.
[2017.10.09-17.46.43:309][  0]LogDerivedDataCache: Display: Pak cache opened for reading ../../../Engine/DerivedDataCache/Compressed.ddp.
[2017.10.09-17.46.43:321][  0]LogDerivedDataCache: Using Local data cache path C:/Users/Nate/AppData/Local/UnrealEngine/Common/DerivedDataCache: Writable
[2017.10.09-17.46.43:334][  0]LogMaterial: Verifying Global Shaders for PCD3D_SM5
[2017.10.09-17.46.43:334][  0]LogSlate: Using Freetype 2.6.0
[2017.10.09-17.46.43:335][  0]LogSlate: SlateFontCache - WITH_FREETYPE: 1, WITH_HARFBUZZ: 1
[2017.10.09-17.46.43:335][  0]LogSlate: SlateFontCache - WITH_FREETYPE: 1, WITH_HARFBUZZ: 1
[2017.10.09-17.46.43:619][  0]LogAssetRegistry: FAssetRegistry took 0.0274 seconds to start up
[2017.10.09-17.46.43:750][  0]LogInit: Selected Device Profile: [Windows]
[2017.10.09-17.46.43:919][  0]LogContentStreaming: Texture pool size is 0.00 MB
[2017.10.09-17.46.44:216][  0]LogSimplygon: Simplygon DLL not present - disabling.
[2017.10.09-17.46.44:260][  0]LogMeshReduction: Using SimplygonSwarm for distributed automatic mesh merging
[2017.10.09-17.46.44:260][  0]LogMeshReduction: Using QuadricMeshReduction for automatic static mesh reduction
[2017.10.09-17.46.44:260][  0]LogMeshReduction: No automatic skeletal mesh reduction module available
[2017.10.09-17.46.44:260][  0]LogMeshReduction: No automatic mesh merging module available
[2017.10.09-17.46.44:260][  0]LogMeshMerging: No automatic mesh merging module available
[2017.10.09-17.46.44:623][  0]LogNetVersion: UE4_VFX , NetCL: 3573198, EngineNetVer: 2, GameNetVer: 0 (Checksum: 1888030093)
[2017.10.09-17.46.44:846][  0]LogPackageLocalizationCache: Processed 5 localized package path(s) for 2 prioritized culture(s) in 0.052741 seconds
[2017.10.09-17.46.44:853][  0]LogUObjectArray: 35825 objects as part of root set at end of initial load.
[2017.10.09-17.46.44:853][  0]LogUObjectAllocator: 7529112 out of 0 bytes used by permanent object pool.
[2017.10.09-17.46.44:853][  0]LogUObjectArray: CloseDisregardForGC: 0/0 objects in disregard for GC pool
[2017.10.09-17.46.44:920][  0]LogInit: WinSock: version 1.1 (2.2), MaxSocks=32767, MaxUdp=65467
[2017.10.09-17.46.47:557][  0]LogTcpMessaging: Initializing TcpMessaging bridge
[2017.10.09-17.46.47:600][  0]LogUdpMessaging: Initializing bridge on interface 0.0.0.0:0 to multicast group 230.0.0.1:6666.
[2017.10.09-17.46.48:269][  0]LogMaterial: Uniform references updated for custom material expression Custom.
[2017.10.09-17.46.48:700][  0]SourceControl: Source control is disabled
[2017.10.09-17.46.48:700][  0]SourceControl: Source control is disabled
[2017.10.09-17.46.48:752][  0]SourceControl: Source control is disabled
[2017.10.09-17.46.48:803][  0]SourceControl: Source control is disabled
[2017.10.09-17.46.49:435][  0]LogAndroidPermission: UAndroidPermissionCallbackProxy::GetInstance
[2017.10.09-17.46.49:705][  0]LogOcInput: OculusInput pre-init called
[2017.10.09-17.46.49:986][  0]LogEngine: Initializing Engine...
[2017.10.09-17.46.49:988][  0]LogHMD: Failed to initialize OpenVR with code 110
[2017.10.09-17.46.50:220][  0]LogStats: UGameplayTagsManager::ConstructGameplayTagTree: Construct from data asset -  0.000 s
[2017.10.09-17.46.50:221][  0]LogStats: UGameplayTagsManager::ConstructGameplayTagTree: GameplayTagTreeChangedEvent.Broadcast -  0.000 s
[2017.10.09-17.46.50:364][  0]LogAIModule: Creating AISystem for world Untitled
[2017.10.09-17.46.50:371][  0]LogInit: XAudio2 using 'Speakers (Realtek High Definition Audio)' : 2 channels at 48 kHz using 32 bits per sample (channel mask 0x3)
[2017.10.09-17.46.50:388][  0]LogInit: FAudioDevice initialized.
[2017.10.09-17.46.50:507][  0]LogDerivedDataCache: Saved boot cache 0.12s 93MB C:/Users/Nate/AppData/Local/UnrealEngine/4.17/DerivedDataCache/Boot.ddc.
[2017.10.09-17.46.50:524][  0]LogInit: Texture streaming: Enabled
[2017.10.09-17.46.50:651][  0]LogEngineSessionManager: EngineSessionManager initialized
[2017.10.09-17.46.50:904][  0]LogInit: Transaction tracking system initialized
[2017.10.09-17.46.51:261][  0]BlueprintLog: New page: Editor Load
[2017.10.09-17.46.52:274][  0]LocalizationService: Localization service is disabled
[2017.10.09-17.46.52:829][  0]LogLinker: Warning: Can't find file '/Game/TopDownBP/TopDownOverview'
[2017.10.09-17.46.52:829][  0]LogLinker: Warning: Can't find file '/Game/TopDownBP/TopDownOverview'
[2017.10.09-17.46.52:829][  0]LogUObjectGlobals: Warning: Failed to find object 'Class /Game/TopDownBP/TopDownOverview.TopDownOverview_C'
[2017.10.09-17.46.53:017][  0]LogConsoleResponse: Display: 
[2017.10.09-17.46.53:200][  0]LogCook: Display: Max memory allowance for cook 16384mb min free memory 0mb
[2017.10.09-17.46.53:201][  0]LogCook: Display: Mobile HDR setting 1
[2017.10.09-17.46.53:201][  0]LogGameplayTags: Display: UGameplayTagsManager::DoneAddingNativeTags. DelegateIsBound: 0
[2017.10.09-17.46.54:293][  0]LogFileCache: Scanning file cache for directory 'C:/VFX.Nate.git/trunk/UE4_VFX/Content/' took 0.01s
[2017.10.09-17.46.54:346][  0]SourceControl: Source control is disabled
[2017.10.09-17.46.54:347][  0]Cmd: MAP LOAD FILE="../../../../../../VFX.Nate.git/trunk/UE4_VFX/Content/FirstPersonBP/Maps/FirstPersonExampleMap.umap" TEMPLATE=0 SHOWPROGRESS=1 FEATURELEVEL=3
[2017.10.09-17.46.54:347][  0]LightingResults: New page: Lighting Build
[2017.10.09-17.46.54:390][  0]MapCheck: New page: Map Check
[2017.10.09-17.46.54:390][  0]LightingResults: New page: Lighting Build
[2017.10.09-17.46.54:662][  0]LogLinker: Warning: Can't find file '/Game/FirstPersonBP/Maps/FirstPersonExampleMap_BuiltData'
[2017.10.09-17.46.54:663][  0]LogLinker: Warning: Can't find file for asset '/Game/FirstPersonBP/Maps/FirstPersonExampleMap_BuiltData' while loading ../../../../../../VFX.Nate.git/trunk/UE4_VFX/Content/FirstPersonBP/Maps/FirstPersonExampleMap.umap.
[2017.10.09-17.46.54:663][  0]LoadErrors: Error: /Game/FirstPersonBP/Maps/FirstPersonExampleMap : Can't find file for asset. /Game/FirstPersonBP/Maps/FirstPersonExampleMap_BuiltData
[2017.10.09-17.46.54:669][  0]LogLinker: Warning: Can't find file '/Game/FirstPersonBP/Maps/FirstPersonExampleMap_BuiltData'
[2017.10.09-17.46.54:669][  0]LogLinker: Warning: Can't find file for asset '/Game/FirstPersonBP/Maps/FirstPersonExampleMap_BuiltData' while loading ../../../../../../VFX.Nate.git/trunk/UE4_VFX/Content/FirstPersonBP/Maps/FirstPersonExampleMap.umap.
[2017.10.09-17.46.54:669][  0]LoadErrors: Error: /Game/FirstPersonBP/Maps/FirstPersonExampleMap : Can't find file for asset. /Game/FirstPersonBP/Maps/FirstPersonExampleMap_BuiltData
[2017.10.09-17.46.54:673][  0]LogLinker: Warning: Can't find file '/Game/FirstPersonBP/Maps/FirstPersonExampleMap_BuiltData'
[2017.10.09-17.46.54:674][  0]LogLinker: Warning: Can't find file for asset '/Game/FirstPersonBP/Maps/FirstPersonExampleMap_BuiltData' while loading NULL.
[2017.10.09-17.46.54:674][  0]LogLinker: Warning: Can't find file '/Game/FirstPersonBP/Maps/FirstPersonExampleMap_BuiltData'
[2017.10.09-17.46.54:674][  0]LogLinker: Warning: Can't find file for asset '/Game/FirstPersonBP/Maps/FirstPersonExampleMap_BuiltData' while loading NULL.
[2017.10.09-17.46.54:708][  0]LogLinker: Warning: Can't find file '/Game/FirstPersonBP/Maps/FirstPersonExampleMap_BuiltData'
[2017.10.09-17.46.54:708][  0]LoadErrors: Failed to load /Game/FirstPersonBP/Maps/FirstPersonExampleMap_BuiltData.FirstPersonExampleMap_BuiltData Referenced by PersistentLevel
[2017.10.09-17.46.54:708][  0]LogLinker: Warning: Can't find file for asset '/Game/FirstPersonBP/Maps/FirstPersonExampleMap_BuiltData' while loading NULL.
[2017.10.09-17.46.54:708][  0]LoadErrors: Failed to load /Game/FirstPersonBP/Maps/FirstPersonExampleMap_BuiltData.FirstPersonExampleMap_BuiltData Referenced by PersistentLevel
[2017.10.09-17.46.54:874][  0]LogAIModule: Creating AISystem for world FirstPersonExampleMap
[2017.10.09-17.46.54:888][  0]LogEditorServer: Finished looking for orphan Actors (0.000 secs)
[2017.10.09-17.46.54:921][  0]Cmd: MAP CHECKDEP NOCLEARLOG
[2017.10.09-17.46.54:977][  0]MapCheck: Map check complete: 0 Error(s), 0 Warning(s), took 56.566ms to complete.
[2017.10.09-17.46.54:977][  0]LogFileHelpers: Loading map 'FirstPersonExampleMap' took 0.631
[2017.10.09-17.46.55:131][  0]LogCollectionManager: Loaded 0 collections in 0.001616 seconds
[2017.10.09-17.46.55:232][  0]LogFileCache: Scanning file cache for directory 'C:/VFX.Nate.git/trunk/UE4_VFX/Saved/Collections/' took 0.01s
[2017.10.09-17.46.55:232][  0]LogFileCache: Scanning file cache for directory 'C:/VFX.Nate.git/trunk/UE4_VFX/Content/Developers/Nate/Collections/' took 0.01s
[2017.10.09-17.46.55:232][  0]LogFileCache: Scanning file cache for directory 'C:/VFX.Nate.git/trunk/UE4_VFX/Content/Collections/' took 0.01s
[2017.10.09-17.46.55:232][  0]LogCollectionManager: Rebuilt the GUID cache for 0 collections in 0.000000 seconds
[2017.10.09-17.46.55:242][  0]LogContentBrowser: Native class hierarchy populated in 0.0100 seconds. Added 2386 classes and 500 folders.
[2017.10.09-17.46.55:319][  0]LogContentBrowser: Native class hierarchy updated for 'WidgetCarousel' in 0.0007 seconds. Added 0 classes and 0 folders.
[2017.10.09-17.46.55:359][  0]LogContentBrowser: Native class hierarchy updated for 'AddContentDialog' in 0.0007 seconds. Added 0 classes and 0 folders.
[2017.10.09-17.46.55:406][  0]LogContentBrowser: Native class hierarchy updated for 'SceneOutliner' in 0.0007 seconds. Added 1 classes and 2 folders.
[2017.10.09-17.46.55:429][  0]LogSlate: Took 0.000217 seconds to synchronously load lazily loaded font '../../../Engine/Content/Slate/Fonts/Roboto-Regular.ttf' (155K)
[2017.10.09-17.46.55:431][  0]LogSlate: Took 0.000237 seconds to synchronously load lazily loaded font '../../../Engine/Content/Slate/Fonts/Roboto-Bold.ttf' (160K)
[2017.10.09-17.46.55:437][  0]LogSlate: Took 0.000244 seconds to synchronously load lazily loaded font '../../../Engine/Content/Editor/Slate/Fonts/FontAwesome.ttf' (139K)
[2017.10.09-17.46.55:536][  0]LogRenderer: Reallocating scene render targets to support 1208x576 Format 10 NumSamples 1 (Frame:1).
[2017.10.09-17.46.55:766][  0]LogContentBrowser: Native class hierarchy updated for 'HierarchicalLODOutliner' in 0.0007 seconds. Added 1 classes and 2 folders.
[2017.10.09-17.46.55:766][  0]LogLoad: (Engine Initialization) Total time: 18.21 seconds
[2017.10.09-17.46.55:766][  0]LogLoad: (Engine Initialization) Total Blueprint compile time: 0.00 seconds
[2017.10.09-17.46.55:767][  0]LogExternalProfiler: Found external profiler: VSPerf
[2017.10.09-17.46.55:767][  0]LogExternalProfiler: Using external profiler: VSPerf
[2017.10.09-17.46.55:777][  0]LogWindowsTextInputMethodSystem: Display: IME system now deactivated.
[2017.10.09-17.46.55:797][  0]LogContentStreaming: Texture pool size now 1000 MB
[2017.10.09-17.46.55:851][  0]LogSlate: Took 0.000201 seconds to synchronously load lazily loaded font '../../../Engine/Content/Slate/Fonts/Roboto-Light.ttf' (159K)
[2017.10.09-17.46.55:880][  1]LogAssetRegistry: Asset discovery search completed in 12.2824 seconds
[2017.10.09-17.46.55:881][  1]LogCollectionManager: Rebuilt the object cache for 0 collections in 0.000001 seconds (found 0 objects)
[2017.10.09-17.46.55:881][  1]LogCollectionManager: Fixed up redirectors for 0 collections in 0.000050 seconds (updated 0 objects)
[2017.10.09-17.47.16:024][272]LogSlate: Took 0.000217 seconds to synchronously load lazily loaded font '../../../Engine/Content/Slate/Fonts/Roboto-Light.ttf' (159K)
[2017.10.09-17.47.16:081][272]LogAIModule: Creating AISystem for world VFX_Playground
[2017.10.09-17.47.16:097][272]Cmd: MAP LOAD FILE="../../../../../../VFX.Nate.git/trunk/UE4_VFX/Content/Maps/VFX_Playground.umap" TEMPLATE=0 SHOWPROGRESS=1 FEATURELEVEL=3
[2017.10.09-17.47.16:098][272]LightingResults: New page: Lighting Build
[2017.10.09-17.47.16:098][272]LoadErrors: New page: Loading map: VFX_Playground.umap
[2017.10.09-17.47.16:099][272]MapCheck: New page: Map Check
[2017.10.09-17.47.16:099][272]LightingResults: New page: Lighting Build
[2017.10.09-17.47.16:113][272]LogEditorServer: Finished looking for orphan Actors (0.000 secs)
[2017.10.09-17.47.16:169][272]Cmd: MAP CHECKDEP NOCLEARLOG
[2017.10.09-17.47.16:230][272]MapCheck: Map check complete: 0 Error(s), 0 Warning(s), took 60.318ms to complete.
[2017.10.09-17.47.16:230][272]LogFileHelpers: Loading map 'VFX_Playground' took 0.133
[2017.10.09-17.47.21:019][831]LogTemp: Repeating last play command: Simulate
[2017.10.09-17.47.21:075][831]LogBlueprintUserMessages: Early PlayInEditor Detection: Level '/Game/Maps/VFX_Playground.VFX_Playground:PersistentLevel' has LevelScriptBlueprint '/Game/Maps/VFX_Playground.VFX_Playground:PersistentLevel.VFX_Playground' with GeneratedClass '/Game/Maps/VFX_Playground.VFX_Playground_C' with ClassGeneratedBy '/Game/Maps/VFX_Playground.VFX_Playground:PersistentLevel.VFX_Playground'
[2017.10.09-17.47.21:075][831]LogPlayLevel: PlayLevel: No blueprints needed recompiling
[2017.10.09-17.47.21:075][831]PIE: New page: SIE session: VFX_Playground (Oct 9, 2017, 5:47:21 AM)
[2017.10.09-17.47.21:075][831]LogPlayLevel: Creating play world package: /Game/Maps/UEDPIE_0_VFX_Playground
[2017.10.09-17.47.21:078][831]LogPlayLevel: PIE: StaticDuplicateObject took: (0.002077s)
[2017.10.09-17.47.21:078][831]LogAIModule: Creating AISystem for world VFX_Playground
[2017.10.09-17.47.21:079][831]LogPlayLevel: PIE: World Init took: (0.001112s)
[2017.10.09-17.47.21:079][831]LogPlayLevel: PIE: Created PIE world by copying editor world from /Game/Maps/VFX_Playground.VFX_Playground to /Game/Maps/UEDPIE_0_VFX_Playground.VFX_Playground (0.003549s)
[2017.10.09-17.47.21:090][831]LogInit: XAudio2 using 'Speakers (Realtek High Definition Audio)' : 2 channels at 48 kHz using 32 bits per sample (channel mask 0x3)
[2017.10.09-17.47.21:101][831]LogInit: FAudioDevice initialized.
[2017.10.09-17.47.21:147][831]LogLoad: Game class is 'FirstPersonGameMode_C'
[2017.10.09-17.47.21:150][831]LogWorld: Bringing World /Game/Maps/UEDPIE_0_VFX_Playground.VFX_Playground up for play (max tick rate 0) at 2017.10.09-11.47.21
[2017.10.09-17.47.21:150][831]LogWorld: Bringing up level for play took: 0.001293
[2017.10.09-17.47.21:151][831]LogGameMode: FindPlayerStart: PATHS NOT DEFINED or NO PLAYERSTART with positive rating
[2017.10.09-17.47.21:198][831]LogContentBrowser: Native class hierarchy updated for 'MovieSceneCapture' in 0.0010 seconds. Added 11 classes and 0 folders.
[2017.10.09-17.47.21:199][831]PIE: Play in editor start time for /Game/Maps/UEDPIE_0_VFX_Playground 0.583
[2017.10.09-17.47.21:206][831]LogBlueprintUserMessages: Late PlayInEditor Detection: Level '/Game/Maps/VFX_Playground.VFX_Playground:PersistentLevel' has LevelScriptBlueprint '/Game/Maps/VFX_Playground.VFX_Playground:PersistentLevel.VFX_Playground' with GeneratedClass '/Game/Maps/VFX_Playground.VFX_Playground_C' with ClassGeneratedBy '/Game/Maps/VFX_Playground.VFX_Playground:PersistentLevel.VFX_Playground'
[2017.10.09-17.47.24:860][201]Cmd: OBJ SAVEPACKAGE PACKAGE="/Game/Maps/VFX_Playground" FILE="../../../../../../VFX.Nate.git/trunk/UE4_VFX/Content/Maps/VFX_Playground.umap" SILENT=true AUTOSAVING=false KEEPDIRTY=false
[2017.10.09-17.47.24:978][201]LogSavePackage: Save=100.31ms
[2017.10.09-17.47.24:978][201]LogSavePackage: Moving '../../../../../../VFX.Nate.git/trunk/UE4_VFX/Saved/VFX_Playground38E55CFA42D711DED309B6BB9476A835.tmp' to '../../../../../../VFX.Nate.git/trunk/UE4_VFX/Content/Maps/VFX_Playground.umap'
[2017.10.09-17.47.24:980][201]LogSavePackage: Display: Finished SavePackage ../../../../../../VFX.Nate.git/trunk/UE4_VFX/Content/Maps/VFX_Playground.umap
[2017.10.09-17.47.31:622][890]LogBlueprintUserMessages: Early EndPlayMap Detection: Level '/Game/Maps/VFX_Playground.VFX_Playground:PersistentLevel' has LevelScriptBlueprint '/Game/Maps/VFX_Playground.VFX_Playground:PersistentLevel.VFX_Playground' with GeneratedClass '/Game/Maps/VFX_Playground.VFX_Playground_C' with ClassGeneratedBy '/Game/Maps/VFX_Playground.VFX_Playground:PersistentLevel.VFX_Playground'
[2017.10.09-17.47.31:653][890]LogBlueprintUserMessages: Late EndPlayMap Detection: Level '/Game/Maps/VFX_Playground.VFX_Playground:PersistentLevel' has LevelScriptBlueprint '/Game/Maps/VFX_Playground.VFX_Playground:PersistentLevel.VFX_Playground' with GeneratedClass '/Game/Maps/VFX_Playground.VFX_Playground_C' with ClassGeneratedBy '/Game/Maps/VFX_Playground.VFX_Playground:PersistentLevel.VFX_Playground'
[2017.10.09-17.47.32:510][989]LogEditorViewport: Clicking on Actor (LMB): StaticMeshActor (both_spheres)
[2017.10.09-17.48.36:000][471]LogFbx: Warning: FBX version number for this version of the FBX SDK is 7.5.0


[2017.10.09-17.54.08:543][296]Cmd: OBJ SAVEPACKAGE PACKAGE="/Game/Maps/VFX_Playground" FILE="../../../../../../VFX.Nate.git/trunk/UE4_VFX/Content/Maps/VFX_Playground.umap" SILENT=true AUTOSAVING=false KEEPDIRTY=false
[2017.10.09-17.54.08:602][296]LogSavePackage: Save=36.52ms
[2017.10.09-17.54.08:602][296]LogSavePackage: Moving '../../../../../../VFX.Nate.git/trunk/UE4_VFX/Saved/VFX_Playground917760524644BE6E881978A6B64B6B49.tmp' to '../../../../../../VFX.Nate.git/trunk/UE4_VFX/Content/Maps/VFX_Playground.umap'
[2017.10.09-17.54.08:603][296]LogSavePackage: Display: Finished SavePackage ../../../../../../VFX.Nate.git/trunk/UE4_VFX/Content/Maps/VFX_Playground.umap
[2017.10.09-17.59.37:854][482]LogTemp: Repeating last play command: Simulate
[2017.10.09-17.59.37:880][482]LogBlueprintUserMessages: Early PlayInEditor Detection: Level '/Game/Maps/VFX_Playground.VFX_Playground:PersistentLevel' has LevelScriptBlueprint '/Game/Maps/VFX_Playground.VFX_Playground:PersistentLevel.VFX_Playground' with GeneratedClass '/Game/Maps/VFX_Playground.VFX_Playground_C' with ClassGeneratedBy '/Game/Maps/VFX_Playground.VFX_Playground:PersistentLevel.VFX_Playground'
[2017.10.09-17.59.37:880][482]LogPlayLevel: PlayLevel: No blueprints needed recompiling
[2017.10.09-17.59.37:880][482]PIE: New page: SIE session: VFX_Playground (Oct 9, 2017, 5:59:37 AM)
[2017.10.09-17.59.37:880][482]LogPlayLevel: Creating play world package: /Game/Maps/UEDPIE_0_VFX_Playground
[2017.10.09-17.59.37:882][482]LogPlayLevel: PIE: StaticDuplicateObject took: (0.001590s)
[2017.10.09-17.59.37:883][482]LogAIModule: Creating AISystem for world VFX_Playground
[2017.10.09-17.59.37:883][482]LogPlayLevel: PIE: World Init took: (0.001072s)
[2017.10.09-17.59.37:883][482]LogPlayLevel: PIE: Created PIE world by copying editor world from /Game/Maps/VFX_Playground.VFX_Playground to /Game/Maps/UEDPIE_0_VFX_Playground.VFX_Playground (0.002962s)
[2017.10.09-17.59.37:897][482]LogInit: XAudio2 using 'Speakers (Realtek High Definition Audio)' : 2 channels at 48 kHz using 32 bits per sample (channel mask 0x3)
[2017.10.09-17.59.37:909][482]LogInit: FAudioDevice initialized.
[2017.10.09-17.59.37:943][482]LogLoad: Game class is 'FirstPersonGameMode_C'
[2017.10.09-17.59.37:945][482]LogWorld: Bringing World /Game/Maps/UEDPIE_0_VFX_Playground.VFX_Playground up for play (max tick rate 0) at 2017.10.09-11.59.37
[2017.10.09-17.59.37:945][482]LogWorld: Bringing up level for play took: 0.001265
[2017.10.09-17.59.37:945][482]LogGameMode: FindPlayerStart: PATHS NOT DEFINED or NO PLAYERSTART with positive rating
[2017.10.09-17.59.37:946][482]PIE: Play in editor start time for /Game/Maps/UEDPIE_0_VFX_Playground -0.669
[2017.10.09-17.59.37:968][482]LogBlueprintUserMessages: Late PlayInEditor Detection: Level '/Game/Maps/VFX_Playground.VFX_Playground:PersistentLevel' has LevelScriptBlueprint '/Game/Maps/VFX_Playground.VFX_Playground:PersistentLevel.VFX_Playground' with GeneratedClass '/Game/Maps/VFX_Playground.VFX_Playground_C' with ClassGeneratedBy '/Game/Maps/VFX_Playground.VFX_Playground:PersistentLevel.VFX_Playground'
[2017.10.09-17.59.46:848][106]LogEditorViewport: Clicking on Actor (LMB): StaticMeshActor (Plane)
[2017.10.09-18.00.37:953][470]LogBlueprintUserMessages: Early EndPlayMap Detection: Level '/Game/Maps/VFX_Playground.VFX_Playground:PersistentLevel' has LevelScriptBlueprint '/Game/Maps/VFX_Playground.VFX_Playground:PersistentLevel.VFX_Playground' with GeneratedClass '/Game/Maps/VFX_Playground.VFX_Playground_C' with ClassGeneratedBy '/Game/Maps/VFX_Playground.VFX_Playground:PersistentLevel.VFX_Playground'
[2017.10.09-18.00.38:006][470]LogBlueprintUserMessages: Late EndPlayMap Detection: Level '/Game/Maps/VFX_Playground.VFX_Playground:PersistentLevel' has LevelScriptBlueprint '/Game/Maps/VFX_Playground.VFX_Playground:PersistentLevel.VFX_Playground' with GeneratedClass '/Game/Maps/VFX_Playground.VFX_Playground_C' with ClassGeneratedBy '/Game/Maps/VFX_Playground.VFX_Playground:PersistentLevel.VFX_Playground'
[2017.10.09-18.00.46:586][278]LogBlueprintUserMessages: Early PlayInEditor Detection: Level '/Game/Maps/VFX_Playground.VFX_Playground:PersistentLevel' has LevelScriptBlueprint '/Game/Maps/VFX_Playground.VFX_Playground:PersistentLevel.VFX_Playground' with GeneratedClass '/Game/Maps/VFX_Playground.VFX_Playground_C' with ClassGeneratedBy '/Game/Maps/VFX_Playground.VFX_Playground:PersistentLevel.VFX_Playground'
[2017.10.09-18.00.46:586][278]LogPlayLevel: PlayLevel: No blueprints needed recompiling
[2017.10.09-18.00.46:587][278]PIE: New page: PIE session: VFX_Playground (Oct 9, 2017, 6:00:46 AM)
[2017.10.09-18.00.46:587][278]LogPlayLevel: Creating play world package: /Game/Maps/UEDPIE_0_VFX_Playground
[2017.10.09-18.00.46:588][278]LogPlayLevel: PIE: StaticDuplicateObject took: (0.001207s)
[2017.10.09-18.00.46:588][278]LogAIModule: Creating AISystem for world VFX_Playground
[2017.10.09-18.00.46:589][278]LogPlayLevel: PIE: World Init took: (0.000646s)
[2017.10.09-18.00.46:589][278]LogPlayLevel: PIE: Created PIE world by copying editor world from /Game/Maps/VFX_Playground.VFX_Playground to /Game/Maps/UEDPIE_0_VFX_Playground.VFX_Playground (0.002063s)
[2017.10.09-18.00.46:601][278]LogInit: XAudio2 using 'Speakers (Realtek High Definition Audio)' : 2 channels at 48 kHz using 32 bits per sample (channel mask 0x3)
[2017.10.09-18.00.46:613][278]LogInit: FAudioDevice initialized.
[2017.10.09-18.00.46:644][278]LogLoad: Game class is 'FirstPersonGameMode_C'
[2017.10.09-18.00.46:645][278]LogWorld: Bringing World /Game/Maps/UEDPIE_0_VFX_Playground.VFX_Playground up for play (max tick rate 0) at 2017.10.09-12.00.46
[2017.10.09-18.00.46:645][278]LogWorld: Bringing up level for play took: 0.001173
[2017.10.09-18.00.46:648][278]PIE: Play in editor start time for /Game/Maps/UEDPIE_0_VFX_Playground 0.033
[2017.10.09-18.00.46:648][278]LogBlueprintUserMessages: Late PlayInEditor Detection: Level '/Game/Maps/VFX_Playground.VFX_Playground:PersistentLevel' has LevelScriptBlueprint '/Game/Maps/VFX_Playground.VFX_Playground:PersistentLevel.VFX_Playground' with GeneratedClass '/Game/Maps/VFX_Playground.VFX_Playground_C' with ClassGeneratedBy '/Game/Maps/VFX_Playground.VFX_Playground:PersistentLevel.VFX_Playground'
[2017.10.09-18.01.34:292][845]LogBlueprintUserMessages: Early EndPlayMap Detection: Level '/Game/Maps/VFX_Playground.VFX_Playground:PersistentLevel' has LevelScriptBlueprint '/Game/Maps/VFX_Playground.VFX_Playground:PersistentLevel.VFX_Playground' with GeneratedClass '/Game/Maps/VFX_Playground.VFX_Playground_C' with ClassGeneratedBy '/Game/Maps/VFX_Playground.VFX_Playground:PersistentLevel.VFX_Playground'
[2017.10.09-18.01.34:343][845]LogBlueprintUserMessages: Late EndPlayMap Detection: Level '/Game/Maps/VFX_Playground.VFX_Playground:PersistentLevel' has LevelScriptBlueprint '/Game/Maps/VFX_Playground.VFX_Playground:PersistentLevel.VFX_Playground' with GeneratedClass '/Game/Maps/VFX_Playground.VFX_Playground_C' with ClassGeneratedBy '/Game/Maps/VFX_Playground.VFX_Playground:PersistentLevel.VFX_Playground'
[2017.10.09-18.05.47:355][735]LogSlate: Took 0.000246 seconds to synchronously load lazily loaded font '../../../Engine/Content/Slate/Fonts/Roboto-Light.ttf' (159K)
[2017.10.10-00.40.25:984][ 20]LogEditorViewport: Clicking on Actor (LMB): StaticMeshActor (Wall_400x300)
[2017.10.10-00.40.39:447][320]Cmd: QUIT_EDITOR
[2017.10.10-00.40.40:355][320]LogWindowsTextInputMethodSystem: Display: IME system now deactivated.
[2017.10.10-00.40.40:370][320]LogExit: Preparing to exit.
[2017.10.10-00.40.40:598][320]LogDirectoryWatcher: A directory notification for 'C:/VFX.Nate.git/trunk/UE4_VFX/Content/' was aborted.
[2017.10.10-00.40.40:623][320]LogExit: Editor shut down
[2017.10.10-00.40.40:634][320]LogExit: Transaction tracking system shut down
[2017.10.10-00.40.40:834][320]LogDirectoryWatcher: A directory notification for '../../../Engine/Content/' was aborted.
[2017.10.10-00.40.40:834][320]LogDirectoryWatcher: A directory notification for '../../../../../../VFX.Nate.git/trunk/UE4_VFX/Content/' was aborted.
[2017.10.10-00.40.40:834][320]LogDirectoryWatcher: A directory notification for '../../../Engine/Plugins/2D/Paper2D/Content/' was aborted.
[2017.10.10-00.40.40:834][320]LogDirectoryWatcher: A directory notification for '../../../Engine/Plugins/Runtime/Oculus/OculusVR/Content/' was aborted.
[2017.10.10-00.40.40:834][320]LogDirectoryWatcher: A directory notification for '../../../Engine/Plugins/Runtime/Steam/SteamVR/Content/' was aborted.
[2017.10.10-00.40.40:890][320]LogExit: Object subsystem successfully closed.
[2017.10.10-00.40.40:920][320]LogD3D11RHI: Shutdown
[2017.10.10-00.40.40:920][320]LogD3D11RHI: CleanupD3DDevice
[2017.10.10-00.40.41:030][320]LogD3D11RHI: ~FD3D11DynamicRHI
[2017.10.10-00.40.41:045][320]LogModuleManager: Shutting down and abandoning module MovieSceneCapture (532)
[2017.10.10-00.40.41:045][320]LogModuleManager: Shutting down and abandoning module HierarchicalLODOutliner (530)
[2017.10.10-00.40.41:045][320]LogModuleManager: Shutting down and abandoning module SceneOutliner (528)
[2017.10.10-00.40.41:045][320]LogModuleManager: Shutting down and abandoning module AddContentDialog (526)
[2017.10.10-00.40.41:045][320]LogDirectoryWatcher: A directory notification for 'C:/Program Files/Epic Games/UE_4.17/FeaturePacks/' was aborted.
[2017.10.10-00.40.41:046][320]LogModuleManager: Shutting down and abandoning module WidgetCarousel (525)
[2017.10.10-00.40.41:046][320]LogModuleManager: Shutting down and abandoning module EditorWidgets (522)
[2017.10.10-00.40.41:046][320]LogModuleManager: Shutting down and abandoning module CollectionManager (520)
[2017.10.10-00.40.41:046][320]LogDirectoryWatcher: A directory notification for 'C:/VFX.Nate.git/trunk/UE4_VFX/Content/Collections/' was aborted.
[2017.10.10-00.40.41:046][320]LogDirectoryWatcher: A directory notification for 'C:/VFX.Nate.git/trunk/UE4_VFX/Content/Developers/Nate/Collections/' was aborted.
[2017.10.10-00.40.41:046][320]LogDirectoryWatcher: A directory notification for 'C:/VFX.Nate.git/trunk/UE4_VFX/Saved/Collections/' was aborted.
[2017.10.10-00.40.41:046][320]LogModuleManager: Shutting down and abandoning module StatsViewer (518)
[2017.10.10-00.40.41:046][320]LogModuleManager: Shutting down and abandoning module FoliageEdit (516)
[2017.10.10-00.40.41:046][320]LogModuleManager: Shutting down and abandoning module LandscapeEditor (514)
[2017.10.10-00.40.41:047][320]LogModuleManager: Shutting down and abandoning module MeshPaintMode (512)
[2017.10.10-00.40.41:047][320]LogModuleManager: Shutting down and abandoning module SceneDepthPickerMode (510)
[2017.10.10-00.40.41:047][320]LogModuleManager: Shutting down and abandoning module ActorPickerMode (508)
[2017.10.10-00.40.41:047][320]LogModuleManager: Shutting down and abandoning module GeometryMode (506)
[2017.10.10-00.40.41:047][320]LogModuleManager: Shutting down and abandoning module TextureAlignMode (504)
[2017.10.10-00.40.41:047][320]LogModuleManager: Shutting down and abandoning module BspMode (502)
[2017.10.10-00.40.41:047][320]LogModuleManager: Shutting down and abandoning module PIEPreviewDeviceProfileSelector (500)
[2017.10.10-00.40.41:047][320]LogModuleManager: Shutting down and abandoning module HardwareSurvey (498)
[2017.10.10-00.40.41:047][320]LogModuleManager: Shutting down and abandoning module SequenceRecorderSections (496)
[2017.10.10-00.40.41:047][320]LogModuleManager: Shutting down and abandoning module AutomationWorker (494)
[2017.10.10-00.40.41:047][320]LogModuleManager: Shutting down and abandoning module MatineeToLevelSequence (492)
[2017.10.10-00.40.41:047][320]LogModuleManager: Shutting down and abandoning module LevelSequenceEditor (490)
[2017.10.10-00.40.41:047][320]LogModuleManager: Shutting down and abandoning module PlacementMode (489)
[2017.10.10-00.40.41:047][320]LogModuleManager: Shutting down and abandoning module WmfMediaFactory (486)
[2017.10.10-00.40.41:047][320]LogModuleManager: Shutting down and abandoning module WmfMediaEditor (484)
[2017.10.10-00.40.41:047][320]LogModuleManager: Shutting down and abandoning module AvfMediaFactory (482)
[2017.10.10-00.40.41:047][320]LogModuleManager: Shutting down and abandoning module AvfMediaEditor (480)
[2017.10.10-00.40.41:047][320]LogModuleManager: Shutting down and abandoning module AndroidMediaFactory (478)
[2017.10.10-00.40.41:047][320]LogModuleManager: Shutting down and abandoning module Media (477)
[2017.10.10-00.40.41:047][320]LogModuleManager: Shutting down and abandoning module AndroidMediaEditor (474)
[2017.10.10-00.40.41:047][320]LogModuleManager: Shutting down and abandoning module CharacterAI (472)
[2017.10.10-00.40.41:047][320]LogModuleManager: Shutting down and abandoning module AudioCapture (470)
[2017.10.10-00.40.41:047][320]LogModuleManager: Shutting down and abandoning module SequenceRecorder (469)
[2017.10.10-00.40.41:047][320]LogModuleManager: Shutting down and abandoning module SmartSnapping (466)
[2017.10.10-00.40.41:047][320]LogModuleManager: Shutting down and abandoning module SessionServices (464)
[2017.10.10-00.40.41:047][320]LogModuleManager: Shutting down and abandoning module ViewportSnapping (462)
[2017.10.10-00.40.41:047][320]LogModuleManager: Shutting down and abandoning module ViewportInteraction (460)
[2017.10.10-00.40.41:047][320]LogModuleManager: Shutting down and abandoning module ClothPainter (458)
[2017.10.10-00.40.41:047][320]LogModuleManager: Shutting down and abandoning module LogVisualizer (456)
[2017.10.10-00.40.41:047][320]LogModuleManager: Shutting down and abandoning module IntroTutorials (454)
[2017.10.10-00.40.41:047][320]LogModuleManager: Shutting down and abandoning module GameProjectGeneration (453)
[2017.10.10-00.40.41:047][320]LogModuleManager: Shutting down and abandoning module IOSPlatformEditor (450)
[2017.10.10-00.40.41:047][320]LogModuleManager: Shutting down and abandoning module HTML5PlatformEditor (448)
[2017.10.10-00.40.41:047][320]LogModuleManager: Shutting down and abandoning module AndroidPlatformEditor (446)
[2017.10.10-00.40.41:047][320]LogModuleManager: Shutting down and abandoning module AndroidDeviceDetection (445)
[2017.10.10-00.40.41:672][320]LogModuleManager: Shutting down and abandoning module WindowsPlatformEditor (442)
[2017.10.10-00.40.41:672][320]LogModuleManager: Shutting down and abandoning module IOSRuntimeSettings (440)
[2017.10.10-00.40.41:672][320]LogModuleManager: Shutting down and abandoning module AndroidRuntimeSettings (438)
[2017.10.10-00.40.41:672][320]LogModuleManager: Shutting down and abandoning module InputBindingEditor (436)
[2017.10.10-00.40.41:672][320]LogModuleManager: Shutting down and abandoning module MergeActors (434)
[2017.10.10-00.40.41:672][320]LogModuleManager: Shutting down and abandoning module SizeMap (432)
[2017.10.10-00.40.41:672][320]LogModuleManager: Shutting down and abandoning module TreeMap (430)
[2017.10.10-00.40.41:672][320]LogModuleManager: Shutting down and abandoning module ReferenceViewer (428)
[2017.10.10-00.40.41:672][320]LogModuleManager: Shutting down and abandoning module LocalizationDashboard (426)
[2017.10.10-00.40.41:672][320]LogModuleManager: Shutting down and abandoning module LocalizationService (425)
[2017.10.10-00.40.41:672][320]LogModuleManager: Shutting down and abandoning module HardwareTargeting (422)
[2017.10.10-00.40.41:672][320]LogModuleManager: Shutting down and abandoning module DeviceProfileEditor (420)
[2017.10.10-00.40.41:672][320]LogModuleManager: Shutting down and abandoning module UndoHistory (418)
[2017.10.10-00.40.41:672][320]LogModuleManager: Shutting down and abandoning module XmlParser (416)
[2017.10.10-00.40.41:672][320]LogModuleManager: Shutting down and abandoning module Blutility (414)
[2017.10.10-00.40.41:672][320]LogModuleManager: Shutting down and abandoning module ProjectSettingsViewer (412)
[2017.10.10-00.40.41:672][320]LogModuleManager: Shutting down and abandoning module ProjectTargetPlatformEditor (411)
[2017.10.10-00.40.41:672][320]LogModuleManager: Shutting down and abandoning module EditorSettingsViewer (408)
[2017.10.10-00.40.41:672][320]LogModuleManager: Shutting down and abandoning module SettingsEditor (406)
[2017.10.10-00.40.41:672][320]LogModuleManager: Shutting down and abandoning module ProjectLauncher (404)
[2017.10.10-00.40.41:672][320]LogModuleManager: Shutting down and abandoning module SessionFrontend (402)
[2017.10.10-00.40.41:672][320]LogModuleManager: Shutting down and abandoning module ProfilerClient (400)
[2017.10.10-00.40.41:672][320]LogModuleManager: Shutting down and abandoning module DeviceManager (398)
[2017.10.10-00.40.41:672][320]LogModuleManager: Shutting down and abandoning module TargetDeviceServices (397)
[2017.10.10-00.40.41:724][320]LogModuleManager: Shutting down and abandoning module AutomationController (394)
[2017.10.10-00.40.41:724][320]LogModuleManager: Shutting down and abandoning module AutomationWindow (392)
[2017.10.10-00.40.41:724][320]LogModuleManager: Shutting down and abandoning module Layers (390)
[2017.10.10-00.40.41:724][320]LogModuleManager: Shutting down and abandoning module ComponentVisualizers (388)
[2017.10.10-00.40.41:724][320]LogModuleManager: Shutting down and abandoning module DetailCustomizations (386)
[2017.10.10-00.40.41:724][320]LogModuleManager: Shutting down and abandoning module PackagesDialog (384)
[2017.10.10-00.40.41:724][320]LogModuleManager: Shutting down and abandoning module Persona (382)
[2017.10.10-00.40.41:724][320]LogModuleManager: Shutting down and abandoning module AdvancedPreviewScene (381)
[2017.10.10-00.40.41:725][320]LogModuleManager: Shutting down and abandoning module AnimGraph (379)
[2017.10.10-00.40.41:725][320]LogModuleManager: Shutting down and abandoning module Kismet (376)
[2017.10.10-00.40.41:725][320]LogModuleManager: Shutting down and abandoning module ClassViewer (374)
[2017.10.10-00.40.41:725][320]LogModuleManager: Shutting down and abandoning module Toolbox (372)
[2017.10.10-00.40.41:725][320]LogModuleManager: Shutting down and abandoning module ModuleUI (370)
[2017.10.10-00.40.41:725][320]LogModuleManager: Shutting down and abandoning module MovieSceneTools (368)
[2017.10.10-00.40.41:725][320]LogModuleManager: Shutting down and abandoning module OutputLog (366)
[2017.10.10-00.40.41:725][320]LogModuleManager: Shutting down and abandoning module GammaUI (364)
[2017.10.10-00.40.41:725][320]LogModuleManager: Shutting down and abandoning module Documentation (362)
[2017.10.10-00.40.41:725][320]LogModuleManager: Shutting down and abandoning module MovieSceneTracks (360)
[2017.10.10-00.40.41:725][320]LogModuleManager: Shutting down and abandoning module MovieScene (358)
[2017.10.10-00.40.41:725][320]LogModuleManager: Shutting down and abandoning module Niagara (356)
[2017.10.10-00.40.41:725][320]LogModuleManager: Shutting down and abandoning module NiagaraEditor (355)
[2017.10.10-00.40.41:725][320]LogModuleManager: Shutting down and abandoning module StreamingPauseRendering (352)
[2017.10.10-00.40.41:725][320]LogModuleManager: Shutting down and abandoning module LauncherPlatform (350)
[2017.10.10-00.40.41:725][320]LogModuleManager: Shutting down and abandoning module AnalyticsET (348)
[2017.10.10-00.40.41:725][320]LogModuleManager: Shutting down and abandoning module PortalServices (346)
[2017.10.10-00.40.41:725][320]LogModuleManager: Shutting down and abandoning module PortalRpc (344)
[2017.10.10-00.40.41:725][320]LogModuleManager: Shutting down and abandoning module MessagingRpc (342)
[2017.10.10-00.40.41:725][320]LogModuleManager: Shutting down and abandoning module AIModule (340)
[2017.10.10-00.40.41:725][320]LogModuleManager: Shutting down and abandoning module GameplayDebugger (339)
[2017.10.10-00.40.41:725][320]LogModuleManager: Shutting down and abandoning module AITestSuite (337)
[2017.10.10-00.40.41:725][320]LogModuleManager: Shutting down and abandoning module ProfilerService (334)
[2017.10.10-00.40.41:954][320]LogModuleManager: Shutting down and abandoning module TaskGraph (332)
[2017.10.10-00.40.41:954][320]LogModuleManager: Shutting down and abandoning module SteamVRController (330)
[2017.10.10-00.40.41:954][320]LogModuleManager: Shutting down and abandoning module ProceduralMeshComponentEditor (328)
[2017.10.10-00.40.41:954][320]LogModuleManager: Shutting down and abandoning module ProceduralMeshComponent (326)
[2017.10.10-00.40.41:954][320]LogModuleManager: Shutting down and abandoning module OculusInput (324)
[2017.10.10-00.40.41:954][320]LogModuleManager: Shutting down and abandoning module MobilePatchingUtils (322)
[2017.10.10-00.40.41:954][320]LogModuleManager: Shutting down and abandoning module CustomMeshComponent (320)
[2017.10.10-00.40.41:955][320]LogModuleManager: Shutting down and abandoning module CableComponent (318)
[2017.10.10-00.40.41:955][320]LogModuleManager: Shutting down and abandoning module ArchVisCharacter (316)
[2017.10.10-00.40.41:955][320]LogModuleManager: Shutting down and abandoning module AndroidPermission (314)
[2017.10.10-00.40.41:955][320]LogModuleManager: Shutting down and abandoning module MediaPlayerEditor (310)
[2017.10.10-00.40.41:955][320]LogModuleManager: Shutting down and abandoning module HTML5Networking (308)
[2017.10.10-00.40.41:955][320]LogModuleManager: Shutting down and abandoning module AlembicImporter (306)
[2017.10.10-00.40.41:955][320]LogModuleManager: Shutting down and abandoning module AlembicLibrary (305)
[2017.10.10-00.40.41:955][320]LogModuleManager: Shutting down and abandoning module GeometryCache (304)
[2017.10.10-00.40.41:955][320]LogModuleManager: Shutting down and abandoning module GeometryCacheEd (303)
[2017.10.10-00.40.41:955][320]LogModuleManager: Shutting down and abandoning module SpeedTreeImporter (298)
[2017.10.10-00.40.41:955][320]LogModuleManager: Shutting down and abandoning module PluginBrowser (296)
[2017.10.10-00.40.41:955][320]LogModuleManager: Shutting down and abandoning module MobileLauncherProfileWizard (294)
[2017.10.10-00.40.41:955][320]LogModuleManager: Shutting down and abandoning module VisualStudioSourceCodeAccess (292)
[2017.10.10-00.40.41:955][320]LogModuleManager: Shutting down and abandoning module DesktopPlatform (291)
[2017.10.10-00.40.41:955][320]LogModuleManager: Shutting down and abandoning module UObjectPlugin (288)
[2017.10.10-00.40.41:955][320]LogModuleManager: Shutting down and abandoning module SubversionSourceControl (286)
[2017.10.10-00.40.41:955][320]LogModuleManager: Shutting down and abandoning module PerforceSourceControl (284)
[2017.10.10-00.40.41:955][320]LogModuleManager: Shutting down and abandoning module GitSourceControl (282)
[2017.10.10-00.40.41:955][320]LogModuleManager: Shutting down and abandoning module SourceControl (281)
[2017.10.10-00.40.41:955][320]LogModuleManager: Shutting down and abandoning module LightPropagationVolumeEditor (278)
[2017.10.10-00.40.41:955][320]LogModuleManager: Shutting down and abandoning module PaperTiledImporter (276)
[2017.10.10-00.40.41:955][320]LogModuleManager: Shutting down and abandoning module PaperSpriteSheetImporter (274)
[2017.10.10-00.40.41:955][320]LogModuleManager: Shutting down and abandoning module Paper2DEditor (272)
[2017.10.10-00.40.41:955][320]LogModuleManager: Shutting down and abandoning module MeshPaint (271)
[2017.10.10-00.40.41:955][320]LogModuleManager: Shutting down and abandoning module LevelEditor (269)
[2017.10.10-00.40.41:956][320]LogModuleManager: Shutting down and abandoning module PixelInspectorModule (268)
[2017.10.10-00.40.41:956][320]LogModuleManager: Shutting down and abandoning module MainFrame (266)
[2017.10.10-00.40.41:956][320]LogModuleManager: Shutting down and abandoning module HotReload (265)
[2017.10.10-00.40.41:957][320]LogModuleManager: Shutting down and abandoning module RuntimePhysXCooking (260)
[2017.10.10-00.40.41:957][320]LogModuleManager: Shutting down and abandoning module PhysXVehiclesEditor (258)
[2017.10.10-00.40.41:957][320]LogModuleManager: Shutting down and abandoning module PhysXVehicles (256)
[2017.10.10-00.40.41:957][320]LogModuleManager: Shutting down and abandoning module OculusEditor (254)
[2017.10.10-00.40.41:957][320]LogModuleManager: Shutting down and abandoning module LocationServicesBPLibrary (252)
[2017.10.10-00.40.41:957][320]LogModuleManager: Shutting down and abandoning module ImmediatePhysicsEditor (250)
[2017.10.10-00.40.41:957][320]LogModuleManager: Shutting down and abandoning module ImmediatePhysics (248)
[2017.10.10-00.40.41:957][320]LogModuleManager: Shutting down and abandoning module UdpMessaging (246)
[2017.10.10-00.40.42:057][320]LogModuleManager: Shutting down and abandoning module TcpMessaging (244)
[2017.10.10-00.40.42:158][320]LogModuleManager: Shutting down and abandoning module GameplayTagsEditor (242)
[2017.10.10-00.40.42:158][320]LogModuleManager: Shutting down and abandoning module FacialAnimationEditor (240)
[2017.10.10-00.40.42:158][320]LogModuleManager: Shutting down and abandoning module FacialAnimation (238)
[2017.10.10-00.40.42:158][320]LogModuleManager: Shutting down and abandoning module AssetManagerEditor (236)
[2017.10.10-00.40.42:158][320]LogModuleManager: Shutting down and abandoning module GraphEditor (235)
[2017.10.10-00.40.42:158][320]LogModuleManager: Shutting down and abandoning module ContentBrowser (233)
[2017.10.10-00.40.42:159][320]LogModuleManager: Shutting down and abandoning module LightPropagationVolumeRuntime (230)
[2017.10.10-00.40.42:159][320]LogModuleManager: Shutting down and abandoning module Paper2D (228)
[2017.10.10-00.40.42:159][320]LogModuleManager: Shutting down and abandoning module WindowsMoviePlayer (226)
[2017.10.10-00.40.42:159][320]LogModuleManager: Shutting down and abandoning module WmfMedia (224)
[2017.10.10-00.40.42:159][320]LogModuleManager: Shutting down and abandoning module PacketHandler (222)
[2017.10.10-00.40.42:159][320]LogModuleManager: Shutting down and abandoning module ClothingSystemEditor (220)
[2017.10.10-00.40.42:159][320]LogModuleManager: Shutting down and abandoning module ClothingSystemRuntime (218)
[2017.10.10-00.40.42:159][320]LogModuleManager: Shutting down and abandoning module Overlay (216)
[2017.10.10-00.40.42:159][320]LogModuleManager: Shutting down and abandoning module OverlayEditor (215)
[2017.10.10-00.40.42:159][320]LogModuleManager: Shutting down and abandoning module MediaAssets (212)
[2017.10.10-00.40.42:159][320]LogModuleManager: Shutting down and abandoning module VREditor (210)
[2017.10.10-00.40.42:159][320]LogModuleManager: Shutting down and abandoning module StringTableEditor (208)
[2017.10.10-00.40.42:159][320]LogModuleManager: Shutting down and abandoning module GameplayTasksEditor (206)
[2017.10.10-00.40.42:159][320]LogModuleManager: Shutting down and abandoning module BehaviorTreeEditor (204)
[2017.10.10-00.40.42:159][320]LogModuleManager: Shutting down and abandoning module FunctionalTesting (202)
[2017.10.10-00.40.42:159][320]LogModuleManager: Shutting down and abandoning module CollisionAnalyzer (200)
[2017.10.10-00.40.42:159][320]LogModuleManager: Shutting down and abandoning module WorkspaceMenuStructure (199)
[2017.10.10-00.40.42:160][320]LogModuleManager: Shutting down and abandoning module UMG (196)
[2017.10.10-00.40.42:160][320]LogModuleManager: Shutting down and abandoning module UMGEditor (195)
[2017.10.10-00.40.42:160][320]LogModuleManager: Shutting down and abandoning module Sequencer (194)
[2017.10.10-00.40.42:160][320]LogModuleManager: Shutting down and abandoning module MessageLog (191)
[2017.10.10-00.40.42:160][320]LogModuleManager: Shutting down and abandoning module SlateReflector (186)
[2017.10.10-00.40.42:160][320]LogModuleManager: Shutting down and abandoning module Slate (184)
[2017.10.10-00.40.42:160][320]LogModuleManager: Shutting down and abandoning module EditorStyle (182)
[2017.10.10-00.40.42:162][320]LogModuleManager: Shutting down and abandoning module MRMesh (180)
[2017.10.10-00.40.42:162][320]LogModuleManager: Shutting down and abandoning module SourceCodeAccess (178)
[2017.10.10-00.40.42:162][320]LogModuleManager: Shutting down and abandoning module HeadMountedDisplay (176)
[2017.10.10-00.40.42:162][320]LogModuleManager: Shutting down and abandoning module XAudio2 (174)
[2017.10.10-00.40.42:162][320]LogModuleManager: Shutting down and abandoning module Networking (172)
[2017.10.10-00.40.42:162][320]LogModuleManager: Shutting down and abandoning module Core (168)
[2017.10.10-00.40.42:162][320]LogModuleManager: Shutting down and abandoning module KismetCompiler (164)
[2017.10.10-00.40.42:162][320]LogModuleManager: Shutting down and abandoning module LevelSequence (162)
[2017.10.10-00.40.42:162][320]LogModuleManager: Shutting down and abandoning module MeshUtilities (160)
[2017.10.10-00.40.42:162][320]LogModuleManager: Shutting down and abandoning module MeshMergeUtilities (159)
[2017.10.10-00.40.42:162][320]LogModuleManager: Shutting down and abandoning module MeshReductionInterface (158)
[2017.10.10-00.40.42:162][320]LogModuleManager: Shutting down and abandoning module SimplygonSwarm (157)
[2017.10.10-00.40.42:162][320]LogModuleManager: Shutting down and abandoning module SimplygonMeshReduction (155)
[2017.10.10-00.40.42:162][320]LogModuleManager: Shutting down and abandoning module QuadricMeshReduction (153)
[2017.10.10-00.40.42:162][320]LogModuleManager: Shutting down and abandoning module MaterialBaking (149)
[2017.10.10-00.40.42:162][320]LogModuleManager: Shutting down and abandoning module DirectoryWatcher (146)
[2017.10.10-00.40.42:164][320]LogModuleManager: Shutting down and abandoning module DerivedDataCache (144)
[2017.10.10-00.40.42:223][320]LogDerivedDataCache: Shutdown
[2017.10.10-00.40.42:223][320]LogModuleManager: Shutting down and abandoning module TargetPlatform (142)
[2017.10.10-00.40.42:223][320]LogModuleManager: Shutting down and abandoning module VulkanShaderFormat (141)
[2017.10.10-00.40.42:223][320]LogModuleManager: Shutting down and abandoning module ShaderFormatVectorVM (139)
[2017.10.10-00.40.42:223][320]LogModuleManager: Shutting down and abandoning module ShaderFormatOpenGL (137)
[2017.10.10-00.40.42:223][320]LogModuleManager: Shutting down and abandoning module ShaderFormatD3D (135)
[2017.10.10-00.40.42:223][320]LogModuleManager: Shutting down and abandoning module MetalShaderFormat (133)
[2017.10.10-00.40.42:223][320]LogModuleManager: Shutting down and abandoning module TextureFormatUncompressed (131)
[2017.10.10-00.40.42:223][320]LogModuleManager: Shutting down and abandoning module TextureFormatPVR (129)
[2017.10.10-00.40.42:223][320]LogModuleManager: Shutting down and abandoning module TextureFormatDXT (127)
[2017.10.10-00.40.42:223][320]LogModuleManager: Shutting down and abandoning module TextureFormatIntelISPCTexComp (125)
[2017.10.10-00.40.42:224][320]LogModuleManager: Shutting down and abandoning module TextureFormatASTC (123)
[2017.10.10-00.40.42:224][320]LogModuleManager: Shutting down and abandoning module ImageWrapper (122)
[2017.10.10-00.40.42:224][320]LogModuleManager: Shutting down and abandoning module TextureFormatAndroid (119)
[2017.10.10-00.40.42:224][320]LogModuleManager: Shutting down and abandoning module AudioFormatOpus (117)
[2017.10.10-00.40.42:224][320]LogModuleManager: Shutting down and abandoning module AudioFormatOgg (115)
[2017.10.10-00.40.42:224][320]LogModuleManager: Shutting down and abandoning module AudioFormatADPCM (113)
[2017.10.10-00.40.42:224][320]LogModuleManager: Shutting down and abandoning module LinuxTargetPlatform (111)
[2017.10.10-00.40.42:224][320]LogModuleManager: Shutting down and abandoning module LinuxServerTargetPlatform (109)
[2017.10.10-00.40.42:224][320]LogModuleManager: Shutting down and abandoning module LinuxNoEditorTargetPlatform (107)
[2017.10.10-00.40.42:224][320]LogModuleManager: Shutting down and abandoning module LinuxClientTargetPlatform (105)
[2017.10.10-00.40.42:224][320]LogModuleManager: Shutting down and abandoning module TVOSTargetPlatform (103)
[2017.10.10-00.40.42:224][320]LogModuleManager: Shutting down and abandoning module Messaging (101)
[2017.10.10-00.40.42:224][320]LogModuleManager: Shutting down and abandoning module IOSTargetPlatform (99)
[2017.10.10-00.40.42:224][320]LogModuleManager: Shutting down and abandoning module HTML5TargetPlatform (97)
[2017.10.10-00.40.42:224][320]LogModuleManager: Shutting down and abandoning module Android_PVRTCTargetPlatform (95)
[2017.10.10-00.40.42:224][320]LogModuleManager: Shutting down and abandoning module Android_MultiTargetPlatform (93)
[2017.10.10-00.40.42:224][320]LogModuleManager: Shutting down and abandoning module Android_ETC2TargetPlatform (91)
[2017.10.10-00.40.42:224][320]LogModuleManager: Shutting down and abandoning module Android_ETC1TargetPlatform (89)
[2017.10.10-00.40.42:224][320]LogModuleManager: Shutting down and abandoning module Android_DXTTargetPlatform (87)
[2017.10.10-00.40.42:224][320]LogModuleManager: Shutting down and abandoning module Android_ATCTargetPlatform (85)
[2017.10.10-00.40.42:224][320]LogModuleManager: Shutting down and abandoning module Android_ASTCTargetPlatform (83)
[2017.10.10-00.40.42:224][320]LogModuleManager: Shutting down and abandoning module AndroidTargetPlatform (81)
[2017.10.10-00.40.42:224][320]LogModuleManager: Shutting down and abandoning module WindowsTargetPlatform (79)
[2017.10.10-00.40.42:224][320]LogModuleManager: Shutting down and abandoning module WindowsServerTargetPlatform (77)
[2017.10.10-00.40.42:224][320]LogModuleManager: Shutting down and abandoning module WindowsNoEditorTargetPlatform (75)
[2017.10.10-00.40.42:224][320]LogModuleManager: Shutting down and abandoning module WindowsClientTargetPlatform (73)
[2017.10.10-00.40.42:224][320]LogModuleManager: Shutting down and abandoning module MacTargetPlatform (71)
[2017.10.10-00.40.42:224][320]LogModuleManager: Shutting down and abandoning module MacServerTargetPlatform (69)
[2017.10.10-00.40.42:224][320]LogModuleManager: Shutting down and abandoning module MacNoEditorTargetPlatform (67)
[2017.10.10-00.40.42:224][320]LogModuleManager: Shutting down and abandoning module MacClientTargetPlatform (65)
[2017.10.10-00.40.42:224][320]LogModuleManager: Shutting down and abandoning module AllDesktopTargetPlatform (63)
[2017.10.10-00.40.42:224][320]LogModuleManager: Shutting down and abandoning module InputCore (60)
[2017.10.10-00.40.42:224][320]LogModuleManager: Shutting down and abandoning module Settings (58)
[2017.10.10-00.40.42:224][320]LogModuleManager: Shutting down and abandoning module PhysXCooking (56)
[2017.10.10-00.40.42:224][320]LogModuleManager: Shutting down and abandoning module SteamVR (54)
[2017.10.10-00.40.42:224][320]LogModuleManager: Shutting down and abandoning module OculusHMD (52)
[2017.10.10-00.40.42:224][320]LogModuleManager: Shutting down and abandoning module ExampleDeviceProfileSelector (50)
[2017.10.10-00.40.42:224][320]LogModuleManager: Shutting down and abandoning module OnlineBlueprintSupport (48)
[2017.10.10-00.40.42:224][320]LogModuleManager: Shutting down and abandoning module OnlineSubsystem (44)
[2017.10.10-00.40.42:224][320]LogOnline: Display: Unloading online subsystem: NULL
[2017.10.10-00.40.42:224][320]LogModuleManager: Shutting down and abandoning module XMPP (43)
[2017.10.10-00.40.42:224][320]LogModuleManager: Shutting down and abandoning module HTTP (41)
[2017.10.10-00.40.42:224][320]LogHttp: Display: Http module shutting down, but needs to wait on 1 outstanding Http requests:
[2017.10.10-00.40.42:224][320]LogHttp: Display: 	verb=[POST] url=[https://datarouter.ol.epicgames.com/datarouter/api/v1/public/data?SessionID=%7BB2257FC1-41FF-1D81-891B-97BE2DDD4B3E%7D&AppID=UEEditor.Rocket.Release&AppVersion=4.17.2-3658906%2B%2B%2BUE4%2BRelease-4.17&UserID=f4bcde964437f7527d9f4ba52048465a%7Cbff5a96170ba471b8efaf63d33225a22%7C876a6fe5-5800-4dbe-88f4-82a60b6371f8&AppEnvironment=datacollector-binary&UploadType=eteventstream] status=Processing
[2017.10.10-00.40.42:252][320]LogModuleManager: Shutting down and abandoning module SSL (40)
[2017.10.10-00.40.42:254][320]LogModuleManager: Shutting down and abandoning module AnimationModifiers (36)
[2017.10.10-00.40.42:254][320]LogModuleManager: Shutting down and abandoning module PropertyEditor (35)
[2017.10.10-00.40.42:254][320]LogModuleManager: Shutting down and abandoning module AudioEditor (32)
[2017.10.10-00.40.42:254][320]LogModuleManager: Shutting down and abandoning module TextureCompressor (30)
[2017.10.10-00.40.42:254][320]LogModuleManager: Shutting down and abandoning module ShaderCore (28)
[2017.10.10-00.40.42:254][320]LogModuleManager: Shutting down and abandoning module Landscape (26)
[2017.10.10-00.40.42:254][320]LogModuleManager: Shutting down and abandoning module SlateRHIRenderer (24)
[2017.10.10-00.40.42:256][320]LogModuleManager: Shutting down and abandoning module OpenGLDrv (22)
[2017.10.10-00.40.42:256][320]LogModuleManager: Shutting down and abandoning module D3D11RHI (20)
[2017.10.10-00.40.42:256][320]LogModuleManager: Shutting down and abandoning module AnimGraphRuntime (18)
[2017.10.10-00.40.42:256][320]LogModuleManager: Shutting down and abandoning module Renderer (16)
[2017.10.10-00.40.42:256][320]LogModuleManager: Shutting down and abandoning module Engine (14)
[2017.10.10-00.40.42:256][320]LogModuleManager: Shutting down and abandoning module CoreUObject (12)
[2017.10.10-00.40.42:256][320]LogModuleManager: Shutting down and abandoning module NetworkFile (10)
[2017.10.10-00.40.42:256][320]LogModuleManager: Shutting down and abandoning module CookedIterativeFile (8)
[2017.10.10-00.40.42:256][320]LogModuleManager: Shutting down and abandoning module StreamingFile (6)
[2017.10.10-00.40.42:256][320]LogModuleManager: Shutting down and abandoning module SandboxFile (4)
[2017.10.10-00.40.42:256][320]LogModuleManager: Shutting down and abandoning module PakFile (2)
[2017.10.10-00.40.42:260][320]LogExit: Exiting.
[2017.10.10-00.40.42:283][320]Log file closed, 10/09/17 18:40:42
