Log file open, 10/10/17 12:57:26
LogWindows: Failed to load 'aqProf.dll' (GetLastError=126)
LogWindows: File 'aqProf.dll' does not exist
LogWindows: Failed to load 'VtuneApi.dll' (GetLastError=126)
LogWindows: File 'VtuneApi.dll' does not exist
LogWindows: Failed to load 'VtuneApi32e.dll' (GetLastError=126)
LogWindows: File 'VtuneApi32e.dll' does not exist
LogInit: Display: Running engine for game: UE4_VFX
LogPlatformFile: Not using cached read wrapper
LogInit: Display: RandInit(-757159164) SRandInit(-757159164).
LogTaskGraph: Started task graph with 5 named threads and 14 total threads with 3 sets of task threads.
LogStats: Stats thread started at 0.171336
LogD3D11RHI: Aftermath initialized
LogPluginManager: Mounting plugin Paper2D
LogPluginManager: Mounting plugin LightPropagationVolume
LogPluginManager: Mounting plugin CodeLiteSourceCodeAccess
LogPluginManager: Mounting plugin GitSourceControl
LogPluginManager: Mounting plugin KDevelopSourceCodeAccess
LogPluginManager: Mounting plugin NullSourceCodeAccess
LogPluginManager: Mounting plugin PerforceSourceControl
LogPluginManager: Mounting plugin SubversionSourceControl
LogPluginManager: Mounting plugin UObjectPlugin
LogPluginManager: Mounting plugin VisualStudioSourceCodeAccess
LogPluginManager: Mounting plugin XCodeSourceCodeAccess
LogPluginManager: Mounting plugin AssetManagerEditor
LogPluginManager: Mounting plugin AudioCapture
LogPluginManager: Mounting plugin FacialAnimation
LogPluginManager: Mounting plugin GameplayTagsEditor
LogPluginManager: Mounting plugin MobileLauncherProfileWizard
LogPluginManager: Mounting plugin PluginBrowser
LogPluginManager: Mounting plugin SpeedTreeImporter
LogPluginManager: Mounting plugin AlembicImporter
LogPluginManager: Mounting plugin CharacterAI
LogPluginManager: Mounting plugin HTML5Networking
LogPluginManager: Mounting plugin AndroidMedia
LogPluginManager: Mounting plugin AvfMedia
LogPluginManager: Mounting plugin MediaPlayerEditor
LogPluginManager: Mounting plugin WmfMedia
LogPluginManager: Mounting plugin TcpMessaging
LogPluginManager: Mounting plugin UdpMessaging
LogPluginManager: Mounting plugin LevelSequenceEditor
LogPluginManager: Mounting plugin MatineeToLevelSequence
LogPluginManager: Mounting plugin OnlineSubsystemGooglePlay
LogPluginManager: Mounting plugin OnlineSubsystemIOS
LogPluginManager: Mounting plugin OnlineSubsystem
LogPluginManager: Mounting plugin OnlineSubsystemNull
LogPluginManager: Mounting plugin OnlineSubsystemUtils
LogPluginManager: Mounting plugin AndroidDeviceProfileSelector
LogPluginManager: Mounting plugin AndroidMoviePlayer
LogPluginManager: Mounting plugin AndroidPermission
LogPluginManager: Mounting plugin AppleMoviePlayer
LogPluginManager: Mounting plugin ArchVisCharacter
LogPluginManager: Mounting plugin CableComponent
LogPluginManager: Mounting plugin CustomMeshComponent
LogPluginManager: Mounting plugin ExampleDeviceProfileSelector
LogPluginManager: Mounting plugin GoogleCloudMessaging
LogPluginManager: Mounting plugin HoudiniEngine
LogPluginManager: Mounting plugin ImmediatePhysics
LogPluginManager: Mounting plugin IOSDeviceProfileSelector
LogPluginManager: Mounting plugin LinuxDeviceProfileSelector
LogPluginManager: Mounting plugin LocationServicesBPLibrary
LogPluginManager: Mounting plugin MobilePatchingUtils
LogPluginManager: Mounting plugin OculusVR
LogPluginManager: Mounting plugin PhysXVehicles
LogPluginManager: Mounting plugin ProceduralMeshComponent
LogPluginManager: Mounting plugin RuntimePhysXCooking
LogPluginManager: Mounting plugin SteamVR
LogPluginManager: Mounting plugin WindowsMoviePlayer
LogInit: Using libcurl 7.47.1
LogInit:  - built for x86_64-pc-win32
LogInit:  - supports SSL with OpenSSL/1.0.2g
LogInit:  - supports HTTP deflate (compression) using libz 1.2.8
LogInit:  - other features:
LogInit:      CURL_VERSION_SSL
LogInit:      CURL_VERSION_LIBZ
LogInit:      CURL_VERSION_IPV6
LogInit:      CURL_VERSION_ASYNCHDNS
LogInit:      CURL_VERSION_LARGEFILE
LogInit:      CURL_VERSION_IDN
LogInit:  CurlRequestOptions (configurable via config and command line):
LogInit:  - bVerifyPeer = false  - Libcurl will NOT verify peer certificate
LogInit:  - bUseHttpProxy = false  - Libcurl will NOT use HTTP proxy
LogInit:  - bDontReuseConnections = false  - Libcurl will reuse connections
LogInit:  - CertBundlePath = nullptr  - Libcurl will use whatever was configured at build time.
LogInit: Build: ++UE4+Release-4.17-CL-3658906
LogInit: Engine Version: 4.17.2-3658906+++UE4+Release-4.17
LogInit: Compatible Engine Version: 4.17.0-3573198+++UE4+Release-4.17
LogInit: Net CL: 3573198
LogDevObjectVersion: Number of dev versions registered: 16
LogDevObjectVersion:   Dev-Blueprints (B0D832E4-1F89-4F0D-ACCF-7EB736FD4AA2): 10
LogDevObjectVersion:   Dev-Build (E1C64328-A22C-4D53-A36C-8E866417BD8C): 0
LogDevObjectVersion:   Dev-Core (375EC13C-06E4-48FB-B500-84F0262A717E): 2
LogDevObjectVersion:   Dev-Editor (E4B068ED-F494-42E9-A231-DA0B2E46BB41): 20
LogDevObjectVersion:   Dev-Framework (CFFC743F-43B0-4480-9391-14DF171D2073): 28
LogDevObjectVersion:   Dev-Mobile (B02B49B5-BB20-44E9-A304-32B752E40360): 0
LogDevObjectVersion:   Dev-Networking (A4E4105C-59A1-49B5-A7C5-40C4547EDFEE): 0
LogDevObjectVersion:   Dev-Online (39C831C9-5AE6-47DC-9A44-9C173E1C8E7C): 0
LogDevObjectVersion:   Dev-Physics (78F01B33-EBEA-4F98-B9B4-84EACCB95AA2): 0
LogDevObjectVersion:   Dev-Platform (6631380F-2D4D-43E0-8009-CF276956A95A): 0
LogDevObjectVersion:   Dev-Rendering (12F88B9F-8875-4AFC-A67C-D90C383ABD29): 19
LogDevObjectVersion:   Dev-Sequencer (7B5AE74C-D270-4C10-A958-57980B212A5A): 4
LogDevObjectVersion:   Dev-VR (D7296918-1DD6-4BDD-9DE2-64A83CC13884): 0
LogDevObjectVersion:   Dev-LoadTimes (C2A15278-BFE7-4AFE-6C17-90FF531DF755): 1
LogDevObjectVersion:   Private-Geometry (6EACA3D4-40EC-4CC1-B786-8BED09428FC5): 1
LogDevObjectVersion:   Dev-AnimPhys (29E575DD-E0A3-4627-9D10-D276232CDCEA): 7
LogInit: Compiled (64-bit): Sep 22 2017 13:47:16
LogInit: Compiled with Visual C++: 19.00.24215.01
LogInit: Build Configuration: Development
LogInit: Branch Name: ++UE4+Release-4.17
LogInit: Command line:  
LogInit: Base directory: C:/Program Files (x86)/Epic Games/UE_4.17/Engine/Binaries/Win64/
LogInit: Installed Engine Build: 1
LogInit: Presizing for max 8388607 objects, including 0 objects not considered by GC, pre-allocating 0 bytes for permanent pool.
LogInit: Object subsystem initialized
[2017.10.10-18.57.27:413][  0]LogInit: Selected Device Profile: [Windows]
[2017.10.10-18.57.27:413][  0]LogInit: Applying CVar settings loaded from the selected device profile: [Windows]
[2017.10.10-18.57.27:422][  0]LogInit: Computer: ELSA
[2017.10.10-18.57.27:423][  0]LogInit: User: nswinney
[2017.10.10-18.57.27:423][  0]LogInit: CPU Page size=4096, Cores=4
[2017.10.10-18.57.27:423][  0]LogInit: High frequency timer resolution =2.922529 MHz
[2017.10.10-18.57.27:423][  0]LogMemory: Memory total: Physical=31.9GB (32GB approx)
[2017.10.10-18.57.27:423][  0]LogMemory: Platform Memory Stats for Windows
[2017.10.10-18.57.27:423][  0]LogMemory: Process Physical Memory: 279.54 MB used, 279.54 MB peak
[2017.10.10-18.57.27:423][  0]LogMemory: Process Virtual Memory: 284.57 MB used, 284.57 MB peak
[2017.10.10-18.57.27:423][  0]LogMemory: Physical Memory: 6322.01 MB used,  26371.11 MB free, 32693.13 MB total
[2017.10.10-18.57.27:423][  0]LogMemory: Virtual Memory: 659.88 MB used,  26371.11 MB free, 8388608.00 MB total
[2017.10.10-18.57.27:593][  0]LogInit: Using OS detected language (en-US).
[2017.10.10-18.57.27:593][  0]LogInit: Using OS detected locale (en-US).
[2017.10.10-18.57.27:596][  0]LogTextLocalizationManager: No specific localization for 'en-US' exists, so the 'en' localization will be used.
[2017.10.10-18.57.28:382][  0]LogD3D11RHI: D3D11 adapters:
[2017.10.10-18.57.28:403][  0]LogD3D11RHI:    0. 'NVIDIA GeForce GTX 970' (Feature Level 11_0)
[2017.10.10-18.57.28:403][  0]LogD3D11RHI:       4007/0/16090 MB DedicatedVideo/DedicatedSystem/SharedSystem, Outputs:2, VendorId:0x10de
[2017.10.10-18.57.28:403][  0]LogD3D11RHI: Chosen D3D11 Adapter: 0
[2017.10.10-18.57.28:411][  0]LogD3D11RHI: Creating new Direct3DDevice
[2017.10.10-18.57.28:411][  0]LogD3D11RHI:     GPU DeviceId: 0x13c2 (for the marketing name, search the web for "GPU Device Id")
[2017.10.10-18.57.28:411][  0]LogWindows: EnumDisplayDevices:
[2017.10.10-18.57.28:411][  0]LogWindows:    0. 'NVIDIA GeForce GTX 970' (P:1 D:1)
[2017.10.10-18.57.28:411][  0]LogWindows:    1. 'NVIDIA GeForce GTX 970' (P:0 D:1)
[2017.10.10-18.57.28:411][  0]LogWindows:    2. 'NVIDIA GeForce GTX 970' (P:0 D:0)
[2017.10.10-18.57.28:411][  0]LogWindows:    3. 'NVIDIA GeForce GTX 970' (P:0 D:0)
[2017.10.10-18.57.28:412][  0]LogWindows:    4. 'RDPDD Chained DD' (P:0 D:0)
[2017.10.10-18.57.28:412][  0]LogWindows:    5. 'RDP Encoder Mirror Driver' (P:0 D:0)
[2017.10.10-18.57.28:412][  0]LogWindows:    6. 'RDP Reflector Display Driver' (P:0 D:0)
[2017.10.10-18.57.28:412][  0]LogWindows: DebugString: GetVideoDriverDetailsInvalid PrimaryIsNotTheChoosenAdapter GetVideoDriverDetailsInvalid PrimaryIsNotTheChoosenAdapter GetVideoDriverDetailsInvalid PrimaryIsNotTheChoosenAdapter FoundDriverCount:4 
[2017.10.10-18.57.28:412][  0]LogD3D11RHI:     Adapter Name: NVIDIA GeForce GTX 970
[2017.10.10-18.57.28:412][  0]LogD3D11RHI:   Driver Version: 368.22 (internal:10.18.13.6822, unified:368.22)
[2017.10.10-18.57.28:412][  0]LogD3D11RHI:      Driver Date: 5-19-2016
[2017.10.10-18.57.28:412][  0]LogRHI: Texture pool is 1361 MB (70% of 1945 MB)
[2017.10.10-18.57.28:421][  0]LogD3D11RHI: Async texture creation enabled
[2017.10.10-18.57.28:437][  0]LogD3D11RHI: GPU Timing Frequency: 1000.000000 (Debug: 2 2)
[2017.10.10-18.57.28:526][  0]LogShaderCompilers: Guid format shader working directory is 5 characters bigger than the processId version (../../../../../../VFX.Nate.git/trunk/UE4_VFX/Intermediate/Shaders/WorkingDirectory/3636/).
[2017.10.10-18.57.28:526][  0]LogShaderCompilers: Cleaned the shader compiler working directory 'C:/Users/nswinney/AppData/Local/Temp/UnrealShaderWorkingDir/196309594EFE625F562527805105C05E/'.
[2017.10.10-18.57.28:526][  0]LogShaderCompilers: Display: Using Local Shader Compiler.
[2017.10.10-18.57.29:687][  0]LogTemp: Display: Loaded TP AllDesktopTargetPlatform
[2017.10.10-18.57.29:747][  0]LogTemp: Display: Loaded TP MacClientTargetPlatform
[2017.10.10-18.57.29:805][  0]LogTemp: Display: Loaded TP MacNoEditorTargetPlatform
[2017.10.10-18.57.29:864][  0]LogTemp: Display: Loaded TP MacServerTargetPlatform
[2017.10.10-18.57.29:923][  0]LogTemp: Display: Loaded TP MacTargetPlatform
[2017.10.10-18.57.29:981][  0]LogTemp: Display: Loaded TP WindowsClientTargetPlatform
[2017.10.10-18.57.30:039][  0]LogTemp: Display: Loaded TP WindowsNoEditorTargetPlatform
[2017.10.10-18.57.30:097][  0]LogTemp: Display: Loaded TP WindowsServerTargetPlatform
[2017.10.10-18.57.30:147][  0]LogTemp: Display: Loaded TP WindowsTargetPlatform
[2017.10.10-18.57.30:204][  0]LogTemp: Display: Loaded TP AndroidTargetPlatform
[2017.10.10-18.57.30:260][  0]LogTemp: Display: Loaded TP Android_ASTCTargetPlatform
[2017.10.10-18.57.30:317][  0]LogTemp: Display: Loaded TP Android_ATCTargetPlatform
[2017.10.10-18.57.30:372][  0]LogTemp: Display: Loaded TP Android_DXTTargetPlatform
[2017.10.10-18.57.30:429][  0]LogTemp: Display: Loaded TP Android_ETC1TargetPlatform
[2017.10.10-18.57.30:485][  0]LogTemp: Display: Loaded TP Android_ETC2TargetPlatform
[2017.10.10-18.57.30:599][  0]LogTemp: Display: Loaded TP Android_MultiTargetPlatform
[2017.10.10-18.57.30:599][  0]LogTemp: Display: Loaded TP Android_PVRTCTargetPlatform
[2017.10.10-18.57.30:641][  0]LogTemp: Display: Loaded TP HTML5TargetPlatform
[2017.10.10-18.57.30:739][  0]LogTemp: Display: Loaded TP IOSTargetPlatform
[2017.10.10-18.57.30:773][  0]LogTemp: Display: Loaded TP TVOSTargetPlatform
[2017.10.10-18.57.30:829][  0]LogTemp: Display: Loaded TP LinuxClientTargetPlatform
[2017.10.10-18.57.30:886][  0]LogTemp: Display: Loaded TP LinuxNoEditorTargetPlatform
[2017.10.10-18.57.30:943][  0]LogTemp: Display: Loaded TP LinuxServerTargetPlatform
[2017.10.10-18.57.31:000][  0]LogTemp: Display: Loaded TP LinuxTargetPlatform
[2017.10.10-18.57.31:000][  0]LogTargetPlatformManager: Display: Building Assets For Windows
[2017.10.10-18.57.31:501][  0]LogDerivedDataCache: Display: Max Cache Size: 512 MB
[2017.10.10-18.57.31:618][  0]LogDerivedDataCache: Loaded boot cache 0.12s 93MB C:/Users/nswinney/AppData/Local/UnrealEngine/4.17/DerivedDataCache/Boot.ddc.
[2017.10.10-18.57.31:618][  0]LogDerivedDataCache: Display: Loaded Boot cache: C:/Users/nswinney/AppData/Local/UnrealEngine/4.17/DerivedDataCache/Boot.ddc
[2017.10.10-18.57.31:618][  0]LogDerivedDataCache: FDerivedDataBackendGraph:  Pak pak cache file ../../../../../../VFX.Nate.git/trunk/UE4_VFX/DerivedDataCache/DDC.ddp not found, will not use a pak cache.
[2017.10.10-18.57.31:618][  0]LogDerivedDataCache: Unable to find inner node Pak for hierarchical cache Hierarchy.
[2017.10.10-18.57.31:618][  0]LogDerivedDataCache: FDerivedDataBackendGraph:  CompressedPak pak cache file ../../../../../../VFX.Nate.git/trunk/UE4_VFX/DerivedDataCache/Compressed.ddp not found, will not use a pak cache.
[2017.10.10-18.57.31:618][  0]LogDerivedDataCache: Unable to find inner node CompressedPak for hierarchical cache Hierarchy.
[2017.10.10-18.57.31:642][  0]LogDerivedDataCache: Display: Pak cache opened for reading ../../../Engine/DerivedDataCache/Compressed.ddp.
[2017.10.10-18.57.31:653][  0]LogDerivedDataCache: Using Local data cache path C:/Users/nswinney/AppData/Local/UnrealEngine/Common/DerivedDataCache: Writable
[2017.10.10-18.57.31:667][  0]LogMaterial: Verifying Global Shaders for PCD3D_SM5
[2017.10.10-18.57.31:668][  0]LogSlate: Using Freetype 2.6.0
[2017.10.10-18.57.31:668][  0]LogSlate: SlateFontCache - WITH_FREETYPE: 1, WITH_HARFBUZZ: 1
[2017.10.10-18.57.31:668][  0]LogSlate: SlateFontCache - WITH_FREETYPE: 1, WITH_HARFBUZZ: 1
[2017.10.10-18.57.32:015][  0]LogAssetRegistry: FAssetRegistry took 0.0256 seconds to start up
[2017.10.10-18.57.32:244][  0]LogInit: Selected Device Profile: [Windows]
[2017.10.10-18.57.32:248][  0]LogContentStreaming: Texture pool size is 0.00 MB
[2017.10.10-18.57.32:702][  0]LogSimplygon: Simplygon DLL not present - disabling.
[2017.10.10-18.57.32:745][  0]LogMeshReduction: Using SimplygonSwarm for distributed automatic mesh merging
[2017.10.10-18.57.32:745][  0]LogMeshReduction: Using QuadricMeshReduction for automatic static mesh reduction
[2017.10.10-18.57.32:745][  0]LogMeshReduction: No automatic skeletal mesh reduction module available
[2017.10.10-18.57.32:745][  0]LogMeshReduction: No automatic mesh merging module available
[2017.10.10-18.57.32:745][  0]LogMeshMerging: No automatic mesh merging module available
[2017.10.10-18.57.33:165][  0]LogNetVersion: UE4_VFX , NetCL: 3573198, EngineNetVer: 2, GameNetVer: 0 (Checksum: 1888030093)
[2017.10.10-18.57.33:401][  0]LogPackageLocalizationCache: Processed 6 localized package path(s) for 2 prioritized culture(s) in 0.043796 seconds
[2017.10.10-18.57.33:408][  0]LogUObjectArray: 35825 objects as part of root set at end of initial load.
[2017.10.10-18.57.33:408][  0]LogUObjectAllocator: 7529112 out of 0 bytes used by permanent object pool.
[2017.10.10-18.57.33:408][  0]LogUObjectArray: CloseDisregardForGC: 0/0 objects in disregard for GC pool
[2017.10.10-18.57.33:472][  0]LogInit: WinSock: version 1.1 (2.2), MaxSocks=32767, MaxUdp=65467
[2017.10.10-18.57.36:303][  0]LogTcpMessaging: Initializing TcpMessaging bridge
[2017.10.10-18.57.36:343][  0]LogUdpMessaging: Initializing bridge on interface 0.0.0.0:0 to multicast group 230.0.0.1:6666.
[2017.10.10-18.57.37:004][  0]LogMaterial: Uniform references updated for custom material expression Custom.
[2017.10.10-18.57.37:449][  0]SourceControl: Source control is disabled
[2017.10.10-18.57.37:449][  0]SourceControl: Source control is disabled
[2017.10.10-18.57.37:498][  0]SourceControl: Source control is disabled
[2017.10.10-18.57.37:547][  0]SourceControl: Source control is disabled
[2017.10.10-18.57.38:145][  0]LogAndroidPermission: UAndroidPermissionCallbackProxy::GetInstance
[2017.10.10-18.57.38:345][  0]LogHoudiniEngine: Starting the Houdini Engine module.
[2017.10.10-18.57.38:345][  0]LogHoudiniEngine: Loaded libHAPIL.dll from Registry path C:\Program Files\Side Effects Software\Houdini 16.0.705/bin
[2017.10.10-18.57.38:346][  0]LogLinker: Warning: Asset '../../../Engine/Plugins/Runtime/HoudiniEngine/Content/houdini_logo.uasset' has been saved with empty engine version. The asset will be loaded but may be incompatible.
[2017.10.10-18.57.38:349][  0]LogLinker: Warning: Asset '../../../Engine/Plugins/Runtime/HoudiniEngine/Content/houdini_default_material.uasset' has been saved with empty engine version. The asset will be loaded but may be incompatible.
[2017.10.10-18.57.38:355][  0]LogLinker: Warning: Asset '../../../Engine/Plugins/Runtime/HoudiniEngine/Content/houdini_bgeo_import.uasset' has been saved with empty engine version. The asset will be loaded but may be incompatible.
[2017.10.10-18.57.38:973][  0]LogHoudiniEngine: Successfully intialized the Houdini Engine API module.
[2017.10.10-18.57.39:087][  0]LogOcInput: OculusInput pre-init called
[2017.10.10-18.57.39:364][  0]LogEngine: Initializing Engine...
[2017.10.10-18.57.39:366][  0]LogHMD: Failed to initialize OpenVR with code 110
[2017.10.10-18.57.39:690][  0]LogStats: UGameplayTagsManager::ConstructGameplayTagTree: Construct from data asset -  0.000 s
[2017.10.10-18.57.39:690][  0]LogStats: UGameplayTagsManager::ConstructGameplayTagTree: GameplayTagTreeChangedEvent.Broadcast -  0.000 s
[2017.10.10-18.57.39:833][  0]LogAIModule: Creating AISystem for world Untitled
[2017.10.10-18.57.39:845][  0]LogInit: XAudio2 using 'Speakers (Realtek High Definition Audio)' : 2 channels at 48 kHz using 32 bits per sample (channel mask 0x3)
[2017.10.10-18.57.39:854][  0]LogInit: FAudioDevice initialized.
[2017.10.10-18.57.39:949][  0]LogDerivedDataCache: Saved boot cache 0.10s 93MB C:/Users/nswinney/AppData/Local/UnrealEngine/4.17/DerivedDataCache/Boot.ddc.
[2017.10.10-18.57.39:968][  0]LogInit: Texture streaming: Enabled
[2017.10.10-18.57.40:089][  0]LogEngineSessionManager: EngineSessionManager initialized
[2017.10.10-18.57.40:325][  0]LogInit: Transaction tracking system initialized
[2017.10.10-18.57.40:658][  0]BlueprintLog: New page: Editor Load
[2017.10.10-18.57.41:621][  0]LocalizationService: Localization service is disabled
[2017.10.10-18.57.42:369][  0]LogConsoleResponse: Display: 
[2017.10.10-18.57.42:818][  0]LogCook: Display: Max memory allowance for cook 16384mb min free memory 0mb
[2017.10.10-18.57.42:818][  0]LogCook: Display: Mobile HDR setting 1
[2017.10.10-18.57.42:818][  0]LogGameplayTags: Display: UGameplayTagsManager::DoneAddingNativeTags. DelegateIsBound: 0
[2017.10.10-18.57.43:469][  0]LogFileCache: Scanning file cache for directory 'C:/VFX.Nate.git/trunk/UE4_VFX/Content/' took 0.01s
[2017.10.10-18.57.43:469][  0]LogHoudiniEngineEditor: Starting the Houdini Engine Editor module.
[2017.10.10-18.57.43:469][  0]LogStreaming: Warning: Failed to read file '../../../Engine/Plugins/Runtime/HoudiniEngine/Content/Icons/icon_houdini_logo_40.png' error.
[2017.10.10-18.57.43:469][  0]LogSlate: Could not find file for Slate resource: ../../../Engine/Plugins/Runtime/HoudiniEngine/Content/Icons/icon_houdini_logo_40.png
[2017.10.10-18.57.43:980][  0]SourceControl: Source control is disabled
[2017.10.10-18.57.43:980][  0]Cmd: MAP LOAD FILE="../../../../../../VFX.Nate.git/trunk/UE4_VFX/Content/FirstPersonBP/Maps/FirstPersonExampleMap.umap" TEMPLATE=0 SHOWPROGRESS=1 FEATURELEVEL=3
[2017.10.10-18.57.43:980][  0]LightingResults: New page: Lighting Build
[2017.10.10-18.57.44:026][  0]MapCheck: New page: Map Check
[2017.10.10-18.57.44:026][  0]LightingResults: New page: Lighting Build
[2017.10.10-18.57.44:403][  0]LogLinker: Warning: Can't find file '/Game/FirstPersonBP/Maps/FirstPersonExampleMap_BuiltData'
[2017.10.10-18.57.44:403][  0]LogLinker: Warning: Can't find file for asset '/Game/FirstPersonBP/Maps/FirstPersonExampleMap_BuiltData' while loading ../../../../../../VFX.Nate.git/trunk/UE4_VFX/Content/FirstPersonBP/Maps/FirstPersonExampleMap.umap.
[2017.10.10-18.57.44:403][  0]LoadErrors: Error: /Game/FirstPersonBP/Maps/FirstPersonExampleMap : Can't find file for asset. /Game/FirstPersonBP/Maps/FirstPersonExampleMap_BuiltData
[2017.10.10-18.57.44:411][  0]LogLinker: Warning: Can't find file '/Game/FirstPersonBP/Maps/FirstPersonExampleMap_BuiltData'
[2017.10.10-18.57.44:411][  0]LogLinker: Warning: Can't find file for asset '/Game/FirstPersonBP/Maps/FirstPersonExampleMap_BuiltData' while loading ../../../../../../VFX.Nate.git/trunk/UE4_VFX/Content/FirstPersonBP/Maps/FirstPersonExampleMap.umap.
[2017.10.10-18.57.44:411][  0]LoadErrors: Error: /Game/FirstPersonBP/Maps/FirstPersonExampleMap : Can't find file for asset. /Game/FirstPersonBP/Maps/FirstPersonExampleMap_BuiltData
[2017.10.10-18.57.44:416][  0]LogLinker: Warning: Can't find file '/Game/FirstPersonBP/Maps/FirstPersonExampleMap_BuiltData'
[2017.10.10-18.57.44:416][  0]LogLinker: Warning: Can't find file for asset '/Game/FirstPersonBP/Maps/FirstPersonExampleMap_BuiltData' while loading NULL.
[2017.10.10-18.57.44:416][  0]LogLinker: Warning: Can't find file '/Game/FirstPersonBP/Maps/FirstPersonExampleMap_BuiltData'
[2017.10.10-18.57.44:416][  0]LogLinker: Warning: Can't find file for asset '/Game/FirstPersonBP/Maps/FirstPersonExampleMap_BuiltData' while loading NULL.
[2017.10.10-18.57.44:431][  0]LogLinker: Warning: Can't find file '/Game/FirstPersonBP/Maps/FirstPersonExampleMap_BuiltData'
[2017.10.10-18.57.44:431][  0]LoadErrors: Failed to load /Game/FirstPersonBP/Maps/FirstPersonExampleMap_BuiltData.FirstPersonExampleMap_BuiltData Referenced by PersistentLevel
[2017.10.10-18.57.44:431][  0]LogLinker: Warning: Can't find file for asset '/Game/FirstPersonBP/Maps/FirstPersonExampleMap_BuiltData' while loading NULL.
[2017.10.10-18.57.44:431][  0]LoadErrors: Failed to load /Game/FirstPersonBP/Maps/FirstPersonExampleMap_BuiltData.FirstPersonExampleMap_BuiltData Referenced by PersistentLevel
[2017.10.10-18.57.44:693][  0]LogAIModule: Creating AISystem for world FirstPersonExampleMap
[2017.10.10-18.57.44:710][  0]LogEditorServer: Finished looking for orphan Actors (0.000 secs)
[2017.10.10-18.57.44:740][  0]Cmd: MAP CHECKDEP NOCLEARLOG
[2017.10.10-18.57.44:799][  0]MapCheck: Map check complete: 0 Error(s), 0 Warning(s), took 59.359ms to complete.
[2017.10.10-18.57.44:799][  0]LogFileHelpers: Loading map 'FirstPersonExampleMap' took 0.819
[2017.10.10-18.57.44:978][  0]LogCollectionManager: Loaded 0 collections in 0.001686 seconds
[2017.10.10-18.57.45:055][  0]LogFileCache: Scanning file cache for directory 'C:/VFX.Nate.git/trunk/UE4_VFX/Saved/Collections/' took 0.01s
[2017.10.10-18.57.45:055][  0]LogFileCache: Scanning file cache for directory 'C:/VFX.Nate.git/trunk/UE4_VFX/Content/Developers/nswinney/Collections/' took 0.01s
[2017.10.10-18.57.45:055][  0]LogFileCache: Scanning file cache for directory 'C:/VFX.Nate.git/trunk/UE4_VFX/Content/Collections/' took 0.00s
[2017.10.10-18.57.45:055][  0]LogCollectionManager: Rebuilt the GUID cache for 0 collections in 0.000001 seconds
[2017.10.10-18.57.45:067][  0]LogContentBrowser: Native class hierarchy populated in 0.0113 seconds. Added 2419 classes and 507 folders.
[2017.10.10-18.57.45:136][  0]LogContentBrowser: Native class hierarchy updated for 'WidgetCarousel' in 0.0009 seconds. Added 0 classes and 0 folders.
[2017.10.10-18.57.45:177][  0]LogContentBrowser: Native class hierarchy updated for 'AddContentDialog' in 0.0007 seconds. Added 0 classes and 0 folders.
[2017.10.10-18.57.45:224][  0]LogContentBrowser: Native class hierarchy updated for 'SceneOutliner' in 0.0008 seconds. Added 1 classes and 2 folders.
[2017.10.10-18.57.45:253][  0]LogSlate: Took 0.000192 seconds to synchronously load lazily loaded font '../../../Engine/Content/Slate/Fonts/Roboto-Regular.ttf' (155K)
[2017.10.10-18.57.45:255][  0]LogSlate: Took 0.000155 seconds to synchronously load lazily loaded font '../../../Engine/Content/Slate/Fonts/Roboto-Bold.ttf' (160K)
[2017.10.10-18.57.45:262][  0]LogSlate: Took 0.000163 seconds to synchronously load lazily loaded font '../../../Engine/Content/Editor/Slate/Fonts/FontAwesome.ttf' (139K)
[2017.10.10-18.57.45:398][  0]LogRenderer: Reallocating scene render targets to support 1208x652 Format 10 NumSamples 1 (Frame:1).
[2017.10.10-18.57.45:676][  0]LogContentBrowser: Native class hierarchy updated for 'HierarchicalLODOutliner' in 0.0008 seconds. Added 1 classes and 2 folders.
[2017.10.10-18.57.45:676][  0]LogLoad: (Engine Initialization) Total time: 19.72 seconds
[2017.10.10-18.57.45:676][  0]LogLoad: (Engine Initialization) Total Blueprint compile time: 0.00 seconds
[2017.10.10-18.57.45:676][  0]LogExternalProfiler: Found external profiler: VSPerf
[2017.10.10-18.57.45:676][  0]LogExternalProfiler: Using external profiler: VSPerf
[2017.10.10-18.57.45:703][  0]LogContentStreaming: Texture pool size now 1000 MB
[2017.10.10-18.57.45:823][  1]LogAssetRegistry: Asset discovery search completed in 13.8275 seconds
[2017.10.10-18.57.45:825][  1]LogCollectionManager: Rebuilt the object cache for 0 collections in 0.000001 seconds (found 0 objects)
[2017.10.10-18.57.45:825][  1]LogCollectionManager: Fixed up redirectors for 0 collections in 0.000061 seconds (updated 0 objects)
[2017.10.10-18.57.49:794][364]LogSlate: Took 0.000177 seconds to synchronously load lazily loaded font '../../../Engine/Content/Slate/Fonts/Roboto-Light.ttf' (159K)
[2017.10.10-18.57.53:269][686]LogSlate: Took 0.000163 seconds to synchronously load lazily loaded font '../../../Engine/Content/Slate/Fonts/Roboto-Light.ttf' (159K)
[2017.10.10-18.57.53:409][686]LogAnimationCompression: Building Anim DDC data for AnimSequence /Game/Animation/cast_animation/sphereidle_Anim.sphereidle_Anim
[2017.10.10-18.57.53:412][686]LogAIModule: Creating AISystem for world VFX_Playground
[2017.10.10-18.57.53:434][686]Cmd: MAP LOAD FILE="../../../../../../VFX.Nate.git/trunk/UE4_VFX/Content/Maps/VFX_Playground.umap" TEMPLATE=0 SHOWPROGRESS=1 FEATURELEVEL=3
[2017.10.10-18.57.53:434][686]LightingResults: New page: Lighting Build
[2017.10.10-18.57.53:435][686]LoadErrors: New page: Loading map: VFX_Playground.umap
[2017.10.10-18.57.53:436][686]MapCheck: New page: Map Check
[2017.10.10-18.57.53:436][686]LightingResults: New page: Lighting Build
[2017.10.10-18.57.53:453][686]LogEditorServer: Finished looking for orphan Actors (0.000 secs)
[2017.10.10-18.57.53:485][686]Cmd: MAP CHECKDEP NOCLEARLOG
[2017.10.10-18.57.53:549][686]MapCheck: Map check complete: 0 Error(s), 0 Warning(s), took 63.119ms to complete.
[2017.10.10-18.57.53:549][686]LogFileHelpers: Loading map 'VFX_Playground' took 0.116
[2017.10.10-18.58.00:220][348]LogEditorViewport: Clicking on Actor (LMB): StaticMeshActor (Plane)
[2017.10.10-18.58.01:740][453]LogEditorViewport: Clicking on Actor (LMB): StaticMeshActor (Wall_400x300)
[2017.10.10-18.58.03:673][595]LogEditorViewport: Clicking on Actor (LMB): StaticMeshActor (StaticMesh1)
[2017.10.10-18.58.06:453][801]LogTemp: Repeating last play command: Selected Viewport
[2017.10.10-18.58.06:492][801]LogBlueprintUserMessages: Early PlayInEditor Detection: Level '/Game/Maps/VFX_Playground.VFX_Playground:PersistentLevel' has LevelScriptBlueprint '/Game/Maps/VFX_Playground.VFX_Playground:PersistentLevel.VFX_Playground' with GeneratedClass '/Game/Maps/VFX_Playground.VFX_Playground_C' with ClassGeneratedBy '/Game/Maps/VFX_Playground.VFX_Playground:PersistentLevel.VFX_Playground'
[2017.10.10-18.58.06:492][801]LogPlayLevel: PlayLevel: No blueprints needed recompiling
[2017.10.10-18.58.06:492][801]PIE: New page: PIE session: VFX_Playground (Oct 10, 2017, 6:58:06 AM)
[2017.10.10-18.58.06:493][801]LogPlayLevel: Creating play world package: /Game/Maps/UEDPIE_0_VFX_Playground
[2017.10.10-18.58.06:495][801]LogPlayLevel: PIE: StaticDuplicateObject took: (0.002383s)
[2017.10.10-18.58.06:496][801]LogAIModule: Creating AISystem for world VFX_Playground
[2017.10.10-18.58.06:496][801]LogPlayLevel: PIE: World Init took: (0.000880s)
[2017.10.10-18.58.06:496][801]LogPlayLevel: PIE: Created PIE world by copying editor world from /Game/Maps/VFX_Playground.VFX_Playground to /Game/Maps/UEDPIE_0_VFX_Playground.VFX_Playground (0.003563s)
[2017.10.10-18.58.06:513][801]LogInit: XAudio2 using 'Speakers (Realtek High Definition Audio)' : 2 channels at 48 kHz using 32 bits per sample (channel mask 0x3)
[2017.10.10-18.58.06:521][801]LogInit: FAudioDevice initialized.
[2017.10.10-18.58.06:566][801]LogLoad: Game class is 'FirstPersonGameMode_C'
[2017.10.10-18.58.06:569][801]LogWorld: Bringing World /Game/Maps/UEDPIE_0_VFX_Playground.VFX_Playground up for play (max tick rate 0) at 2017.10.10-12.58.06
[2017.10.10-18.58.06:570][801]LogWorld: Bringing up level for play took: 0.002066
[2017.10.10-18.58.06:617][801]LogContentBrowser: Native class hierarchy updated for 'MovieSceneCapture' in 0.0009 seconds. Added 11 classes and 0 folders.
[2017.10.10-18.58.06:620][801]PIE: Play in editor start time for /Game/Maps/UEDPIE_0_VFX_Playground -0.214
[2017.10.10-18.58.06:620][801]LogBlueprintUserMessages: Late PlayInEditor Detection: Level '/Game/Maps/VFX_Playground.VFX_Playground:PersistentLevel' has LevelScriptBlueprint '/Game/Maps/VFX_Playground.VFX_Playground:PersistentLevel.VFX_Playground' with GeneratedClass '/Game/Maps/VFX_Playground.VFX_Playground_C' with ClassGeneratedBy '/Game/Maps/VFX_Playground.VFX_Playground:PersistentLevel.VFX_Playground'
[2017.10.10-18.58.06:624][801]LogParticles: Warning: Particle Notify: Anim 'sphere_rotation_Anim' tried to spawn infinitely looping particle system 'Cast_flame_FX'. Spawning suppressed.
[2017.10.10-18.58.07:491][886]LogParticles: Warning: Particle Notify: Anim 'sphere_rotation_Anim' tried to spawn infinitely looping particle system 'Cast_flame_FX'. Spawning suppressed.
[2017.10.10-18.58.08:528][992]LogParticles: Warning: Particle Notify: Anim 'sphere_rotation_Anim' tried to spawn infinitely looping particle system 'Cast_flame_FX'. Spawning suppressed.
[2017.10.10-18.58.09:567][100]LogParticles: Warning: Particle Notify: Anim 'sphere_rotation_Anim' tried to spawn infinitely looping particle system 'Cast_flame_FX'. Spawning suppressed.
[2017.10.10-18.58.12:597][144]LogParticles: Warning: Particle Notify: Anim 'sphere_rotation_Anim' tried to spawn infinitely looping particle system 'Cast_flame_FX'. Spawning suppressed.
[2017.10.10-18.58.13:456][217]LogParticles: Warning: Particle Notify: Anim 'sphere_rotation_Anim' tried to spawn infinitely looping particle system 'Cast_flame_FX'. Spawning suppressed.
[2017.10.10-18.58.14:494][317]LogParticles: Warning: Particle Notify: Anim 'sphere_rotation_Anim' tried to spawn infinitely looping particle system 'Cast_flame_FX'. Spawning suppressed.
[2017.10.10-18.58.15:529][423]LogParticles: Warning: Particle Notify: Anim 'sphere_rotation_Anim' tried to spawn infinitely looping particle system 'Cast_flame_FX'. Spawning suppressed.
[2017.10.10-18.58.16:577][530]LogParticles: Warning: Particle Notify: Anim 'sphere_rotation_Anim' tried to spawn infinitely looping particle system 'Cast_flame_FX'. Spawning suppressed.
[2017.10.10-18.58.17:615][631]LogParticles: Warning: Particle Notify: Anim 'sphere_rotation_Anim' tried to spawn infinitely looping particle system 'Cast_flame_FX'. Spawning suppressed.
[2017.10.10-18.58.18:656][727]LogParticles: Warning: Particle Notify: Anim 'sphere_rotation_Anim' tried to spawn infinitely looping particle system 'Cast_flame_FX'. Spawning suppressed.
[2017.10.10-18.58.18:656][727]LogParticles: Warning: Particle Notify: Anim 'sphere_rotation_Anim' tried to spawn infinitely looping particle system 'Cast_flame_FX'. Spawning suppressed.
[2017.10.10-18.58.19:697][832]LogParticles: Warning: Particle Notify: Anim 'sphere_rotation_Anim' tried to spawn infinitely looping particle system 'Cast_flame_FX'. Spawning suppressed.
[2017.10.10-18.58.20:652][903]LogParticles: Warning: Particle Notify: Anim 'sphere_rotation_Anim' tried to spawn infinitely looping particle system 'Cast_flame_FX'. Spawning suppressed.
[2017.10.10-18.58.20:747][912]LogParticles: Warning: Particle Notify: Anim 'sphere_rotation_Anim' tried to spawn infinitely looping particle system 'Cast_flame_FX'. Spawning suppressed.
[2017.10.10-18.58.21:780][ 12]LogParticles: Warning: Particle Notify: Anim 'sphere_rotation_Anim' tried to spawn infinitely looping particle system 'Cast_flame_FX'. Spawning suppressed.
[2017.10.10-18.58.22:024][ 36]LogParticles: Warning: Particle Notify: Anim 'sphere_rotation_Anim' tried to spawn infinitely looping particle system 'Cast_flame_FX'. Spawning suppressed.
[2017.10.10-18.58.22:824][117]LogParticles: Warning: Particle Notify: Anim 'sphere_rotation_Anim' tried to spawn infinitely looping particle system 'Cast_flame_FX'. Spawning suppressed.
[2017.10.10-18.58.23:436][179]LogParticles: Warning: Particle Notify: Anim 'sphere_rotation_Anim' tried to spawn infinitely looping particle system 'Cast_flame_FX'. Spawning suppressed.
[2017.10.10-18.58.23:869][222]LogParticles: Warning: Particle Notify: Anim 'sphere_rotation_Anim' tried to spawn infinitely looping particle system 'Cast_flame_FX'. Spawning suppressed.
[2017.10.10-18.58.24:797][315]LogParticles: Warning: Particle Notify: Anim 'sphere_rotation_Anim' tried to spawn infinitely looping particle system 'Cast_flame_FX'. Spawning suppressed.
[2017.10.10-18.58.24:909][326]LogParticles: Warning: Particle Notify: Anim 'sphere_rotation_Anim' tried to spawn infinitely looping particle system 'Cast_flame_FX'. Spawning suppressed.
[2017.10.10-18.58.25:954][426]LogParticles: Warning: Particle Notify: Anim 'sphere_rotation_Anim' tried to spawn infinitely looping particle system 'Cast_flame_FX'. Spawning suppressed.
[2017.10.10-18.58.26:104][441]LogParticles: Warning: Particle Notify: Anim 'sphere_rotation_Anim' tried to spawn infinitely looping particle system 'Cast_flame_FX'. Spawning suppressed.
[2017.10.10-18.58.27:000][531]LogParticles: Warning: Particle Notify: Anim 'sphere_rotation_Anim' tried to spawn infinitely looping particle system 'Cast_flame_FX'. Spawning suppressed.
[2017.10.10-18.58.27:573][589]LogParticles: Warning: Particle Notify: Anim 'sphere_rotation_Anim' tried to spawn infinitely looping particle system 'Cast_flame_FX'. Spawning suppressed.
[2017.10.10-18.58.28:030][635]LogParticles: Warning: Particle Notify: Anim 'sphere_rotation_Anim' tried to spawn infinitely looping particle system 'Cast_flame_FX'. Spawning suppressed.
[2017.10.10-18.58.28:966][727]LogParticles: Warning: Particle Notify: Anim 'sphere_rotation_Anim' tried to spawn infinitely looping particle system 'Cast_flame_FX'. Spawning suppressed.
[2017.10.10-18.58.29:072][738]LogParticles: Warning: Particle Notify: Anim 'sphere_rotation_Anim' tried to spawn infinitely looping particle system 'Cast_flame_FX'. Spawning suppressed.
[2017.10.10-18.58.30:121][843]LogParticles: Warning: Particle Notify: Anim 'sphere_rotation_Anim' tried to spawn infinitely looping particle system 'Cast_flame_FX'. Spawning suppressed.
[2017.10.10-18.58.30:622][894]LogParticles: Warning: Particle Notify: Anim 'sphere_rotation_Anim' tried to spawn infinitely looping particle system 'Cast_flame_FX'. Spawning suppressed.
[2017.10.10-18.58.31:162][948]LogParticles: Warning: Particle Notify: Anim 'sphere_rotation_Anim' tried to spawn infinitely looping particle system 'Cast_flame_FX'. Spawning suppressed.
[2017.10.10-18.58.32:201][ 53]LogParticles: Warning: Particle Notify: Anim 'sphere_rotation_Anim' tried to spawn infinitely looping particle system 'Cast_flame_FX'. Spawning suppressed.
[2017.10.10-18.58.33:245][158]LogParticles: Warning: Particle Notify: Anim 'sphere_rotation_Anim' tried to spawn infinitely looping particle system 'Cast_flame_FX'. Spawning suppressed.
[2017.10.10-18.58.34:280][248]LogParticles: Warning: Particle Notify: Anim 'sphere_rotation_Anim' tried to spawn infinitely looping particle system 'Cast_flame_FX'. Spawning suppressed.
[2017.10.10-18.58.35:328][350]LogParticles: Warning: Particle Notify: Anim 'sphere_rotation_Anim' tried to spawn infinitely looping particle system 'Cast_flame_FX'. Spawning suppressed.
[2017.10.10-18.58.35:345][351]LogParticles: Warning: Particle Notify: Anim 'sphere_rotation_Anim' tried to spawn infinitely looping particle system 'Cast_flame_FX'. Spawning suppressed.
[2017.10.10-18.58.36:371][450]LogParticles: Warning: Particle Notify: Anim 'sphere_rotation_Anim' tried to spawn infinitely looping particle system 'Cast_flame_FX'. Spawning suppressed.
[2017.10.10-18.58.36:943][507]LogParticles: Warning: Particle Notify: Anim 'sphere_rotation_Anim' tried to spawn infinitely looping particle system 'Cast_flame_FX'. Spawning suppressed.
[2017.10.10-18.58.37:411][554]LogParticles: Warning: Particle Notify: Anim 'sphere_rotation_Anim' tried to spawn infinitely looping particle system 'Cast_flame_FX'. Spawning suppressed.
[2017.10.10-18.58.38:454][659]LogParticles: Warning: Particle Notify: Anim 'sphere_rotation_Anim' tried to spawn infinitely looping particle system 'Cast_flame_FX'. Spawning suppressed.
[2017.10.10-18.58.38:564][670]LogParticles: Warning: Particle Notify: Anim 'sphere_rotation_Anim' tried to spawn infinitely looping particle system 'Cast_flame_FX'. Spawning suppressed.
[2017.10.10-18.58.39:489][762]LogParticles: Warning: Particle Notify: Anim 'sphere_rotation_Anim' tried to spawn infinitely looping particle system 'Cast_flame_FX'. Spawning suppressed.
[2017.10.10-18.58.39:872][801]LogParticles: Warning: Particle Notify: Anim 'sphere_rotation_Anim' tried to spawn infinitely looping particle system 'Cast_flame_FX'. Spawning suppressed.
[2017.10.10-18.58.40:530][866]LogParticles: Warning: Particle Notify: Anim 'sphere_rotation_Anim' tried to spawn infinitely looping particle system 'Cast_flame_FX'. Spawning suppressed.
[2017.10.10-18.58.41:670][919]LogParticles: Warning: Particle Notify: Anim 'sphere_rotation_Anim' tried to spawn infinitely looping particle system 'Cast_flame_FX'. Spawning suppressed.
[2017.10.10-18.58.42:709][ 22]LogParticles: Warning: Particle Notify: Anim 'sphere_rotation_Anim' tried to spawn infinitely looping particle system 'Cast_flame_FX'. Spawning suppressed.
[2017.10.10-18.58.42:729][ 24]LogParticles: Warning: Particle Notify: Anim 'sphere_rotation_Anim' tried to spawn infinitely looping particle system 'Cast_flame_FX'. Spawning suppressed.
[2017.10.10-18.58.43:752][125]LogParticles: Warning: Particle Notify: Anim 'sphere_rotation_Anim' tried to spawn infinitely looping particle system 'Cast_flame_FX'. Spawning suppressed.
[2017.10.10-18.58.44:329][169]LogParticles: Warning: Particle Notify: Anim 'sphere_rotation_Anim' tried to spawn infinitely looping particle system 'Cast_flame_FX'. Spawning suppressed.
[2017.10.10-18.58.44:790][213]LogParticles: Warning: Particle Notify: Anim 'sphere_rotation_Anim' tried to spawn infinitely looping particle system 'Cast_flame_FX'. Spawning suppressed.
[2017.10.10-18.58.45:403][273]LogParticles: Warning: Particle Notify: Anim 'sphere_rotation_Anim' tried to spawn infinitely looping particle system 'Cast_flame_FX'. Spawning suppressed.
[2017.10.10-18.58.45:832][306]LogParticles: Warning: Particle Notify: Anim 'sphere_rotation_Anim' tried to spawn infinitely looping particle system 'Cast_flame_FX'. Spawning suppressed.
[2017.10.10-18.58.46:875][383]LogParticles: Warning: Particle Notify: Anim 'sphere_rotation_Anim' tried to spawn infinitely looping particle system 'Cast_flame_FX'. Spawning suppressed.
[2017.10.10-18.58.47:462][440]LogParticles: Warning: Particle Notify: Anim 'sphere_rotation_Anim' tried to spawn infinitely looping particle system 'Cast_flame_FX'. Spawning suppressed.
[2017.10.10-18.58.47:913][483]LogParticles: Warning: Particle Notify: Anim 'sphere_rotation_Anim' tried to spawn infinitely looping particle system 'Cast_flame_FX'. Spawning suppressed.
[2017.10.10-18.58.48:959][559]LogParticles: Warning: Particle Notify: Anim 'sphere_rotation_Anim' tried to spawn infinitely looping particle system 'Cast_flame_FX'. Spawning suppressed.
[2017.10.10-18.58.48:991][561]LogParticles: Warning: Particle Notify: Anim 'sphere_rotation_Anim' tried to spawn infinitely looping particle system 'Cast_flame_FX'. Spawning suppressed.
[2017.10.10-18.58.50:002][655]LogParticles: Warning: Particle Notify: Anim 'sphere_rotation_Anim' tried to spawn infinitely looping particle system 'Cast_flame_FX'. Spawning suppressed.
[2017.10.10-18.58.50:486][701]LogParticles: Warning: Particle Notify: Anim 'sphere_rotation_Anim' tried to spawn infinitely looping particle system 'Cast_flame_FX'. Spawning suppressed.
[2017.10.10-18.58.51:035][755]LogParticles: Warning: Particle Notify: Anim 'sphere_rotation_Anim' tried to spawn infinitely looping particle system 'Cast_flame_FX'. Spawning suppressed.
[2017.10.10-18.58.51:928][842]LogParticles: Warning: Particle Notify: Anim 'sphere_rotation_Anim' tried to spawn infinitely looping particle system 'Cast_flame_FX'. Spawning suppressed.
[2017.10.10-18.58.52:082][857]LogParticles: Warning: Particle Notify: Anim 'sphere_rotation_Anim' tried to spawn infinitely looping particle system 'Cast_flame_FX'. Spawning suppressed.
[2017.10.10-18.58.53:120][945]LogParticles: Warning: Particle Notify: Anim 'sphere_rotation_Anim' tried to spawn infinitely looping particle system 'Cast_flame_FX'. Spawning suppressed.
[2017.10.10-18.58.54:166][ 45]LogParticles: Warning: Particle Notify: Anim 'sphere_rotation_Anim' tried to spawn infinitely looping particle system 'Cast_flame_FX'. Spawning suppressed.
[2017.10.10-18.58.55:208][142]LogParticles: Warning: Particle Notify: Anim 'sphere_rotation_Anim' tried to spawn infinitely looping particle system 'Cast_flame_FX'. Spawning suppressed.
[2017.10.10-18.58.56:244][243]LogParticles: Warning: Particle Notify: Anim 'sphere_rotation_Anim' tried to spawn infinitely looping particle system 'Cast_flame_FX'. Spawning suppressed.
[2017.10.10-18.58.57:288][345]LogParticles: Warning: Particle Notify: Anim 'sphere_rotation_Anim' tried to spawn infinitely looping particle system 'Cast_flame_FX'. Spawning suppressed.
[2017.10.10-18.58.58:331][446]LogParticles: Warning: Particle Notify: Anim 'sphere_rotation_Anim' tried to spawn infinitely looping particle system 'Cast_flame_FX'. Spawning suppressed.
[2017.10.10-18.58.59:370][548]LogParticles: Warning: Particle Notify: Anim 'sphere_rotation_Anim' tried to spawn infinitely looping particle system 'Cast_flame_FX'. Spawning suppressed.
[2017.10.10-18.59.00:414][635]LogParticles: Warning: Particle Notify: Anim 'sphere_rotation_Anim' tried to spawn infinitely looping particle system 'Cast_flame_FX'. Spawning suppressed.
[2017.10.10-18.59.01:453][708]LogParticles: Warning: Particle Notify: Anim 'sphere_rotation_Anim' tried to spawn infinitely looping particle system 'Cast_flame_FX'. Spawning suppressed.
[2017.10.10-18.59.02:499][766]LogParticles: Warning: Particle Notify: Anim 'sphere_rotation_Anim' tried to spawn infinitely looping particle system 'Cast_flame_FX'. Spawning suppressed.
[2017.10.10-18.59.03:543][865]LogParticles: Warning: Particle Notify: Anim 'sphere_rotation_Anim' tried to spawn infinitely looping particle system 'Cast_flame_FX'. Spawning suppressed.
[2017.10.10-18.59.03:777][887]LogBlueprintUserMessages: Early EndPlayMap Detection: Level '/Game/Maps/VFX_Playground.VFX_Playground:PersistentLevel' has LevelScriptBlueprint '/Game/Maps/VFX_Playground.VFX_Playground:PersistentLevel.VFX_Playground' with GeneratedClass '/Game/Maps/VFX_Playground.VFX_Playground_C' with ClassGeneratedBy '/Game/Maps/VFX_Playground.VFX_Playground:PersistentLevel.VFX_Playground'
[2017.10.10-18.59.03:834][887]LogBlueprintUserMessages: Late EndPlayMap Detection: Level '/Game/Maps/VFX_Playground.VFX_Playground:PersistentLevel' has LevelScriptBlueprint '/Game/Maps/VFX_Playground.VFX_Playground:PersistentLevel.VFX_Playground' with GeneratedClass '/Game/Maps/VFX_Playground.VFX_Playground_C' with ClassGeneratedBy '/Game/Maps/VFX_Playground.VFX_Playground:PersistentLevel.VFX_Playground'
[2017.10.10-20.08.14:503][780]Cmd: QUIT_EDITOR
[2017.10.10-20.08.15:096][780]LogExit: Preparing to exit.
[2017.10.10-20.08.16:388][780]LogDirectoryWatcher: A directory notification for 'C:/VFX.Nate.git/trunk/UE4_VFX/Content/' was aborted.
[2017.10.10-20.08.16:424][780]LogExit: Editor shut down
[2017.10.10-20.08.16:428][780]LogExit: Transaction tracking system shut down
[2017.10.10-20.08.16:527][780]LogAssetRegistry: Error: Failed to open file for write ../../../../../../VFX.Nate.git/trunk/UE4_VFX/Intermediate/CachedAssetRegistry.bin
[2017.10.10-20.08.16:527][780]LogDirectoryWatcher: A directory notification for '../../../Engine/Content/' was aborted.
[2017.10.10-20.08.16:527][780]LogDirectoryWatcher: A directory notification for '../../../../../../VFX.Nate.git/trunk/UE4_VFX/Content/' was aborted.
[2017.10.10-20.08.16:527][780]LogDirectoryWatcher: A directory notification for '../../../Engine/Plugins/2D/Paper2D/Content/' was aborted.
[2017.10.10-20.08.16:527][780]LogDirectoryWatcher: A directory notification for '../../../Engine/Plugins/Runtime/HoudiniEngine/Content/' was aborted.
[2017.10.10-20.08.16:527][780]LogDirectoryWatcher: A directory notification for '../../../Engine/Plugins/Runtime/Oculus/OculusVR/Content/' was aborted.
[2017.10.10-20.08.16:527][780]LogDirectoryWatcher: A directory notification for '../../../Engine/Plugins/Runtime/Steam/SteamVR/Content/' was aborted.
[2017.10.10-20.08.16:581][780]LogExit: Object subsystem successfully closed.
[2017.10.10-20.08.16:603][780]LogD3D11RHI: Shutdown
[2017.10.10-20.08.16:603][780]LogD3D11RHI: CleanupD3DDevice
[2017.10.10-20.08.17:193][780]LogD3D11RHI: ~FD3D11DynamicRHI
[2017.10.10-20.08.17:209][780]LogModuleManager: Shutting down and abandoning module MovieSceneCapture (536)
[2017.10.10-20.08.17:209][780]LogModuleManager: Shutting down and abandoning module HierarchicalLODOutliner (534)
[2017.10.10-20.08.17:209][780]LogModuleManager: Shutting down and abandoning module SceneOutliner (532)
[2017.10.10-20.08.17:209][780]LogModuleManager: Shutting down and abandoning module AddContentDialog (530)
[2017.10.10-20.08.17:209][780]LogDirectoryWatcher: A directory notification for 'C:/Program Files (x86)/Epic Games/UE_4.17/FeaturePacks/' was aborted.
[2017.10.10-20.08.17:210][780]LogModuleManager: Shutting down and abandoning module WidgetCarousel (529)
[2017.10.10-20.08.17:210][780]LogModuleManager: Shutting down and abandoning module EditorWidgets (526)
[2017.10.10-20.08.17:210][780]LogModuleManager: Shutting down and abandoning module CollectionManager (524)
[2017.10.10-20.08.17:210][780]LogDirectoryWatcher: A directory notification for 'C:/VFX.Nate.git/trunk/UE4_VFX/Content/Collections/' was aborted.
[2017.10.10-20.08.17:210][780]LogDirectoryWatcher: A directory notification for 'C:/VFX.Nate.git/trunk/UE4_VFX/Content/Developers/nswinney/Collections/' was aborted.
[2017.10.10-20.08.17:210][780]LogDirectoryWatcher: A directory notification for 'C:/VFX.Nate.git/trunk/UE4_VFX/Saved/Collections/' was aborted.
[2017.10.10-20.08.17:210][780]LogModuleManager: Shutting down and abandoning module StatsViewer (522)
[2017.10.10-20.08.17:210][780]LogModuleManager: Shutting down and abandoning module FoliageEdit (520)
[2017.10.10-20.08.17:210][780]LogModuleManager: Shutting down and abandoning module LandscapeEditor (518)
[2017.10.10-20.08.17:210][780]LogModuleManager: Shutting down and abandoning module MeshPaintMode (516)
[2017.10.10-20.08.17:210][780]LogModuleManager: Shutting down and abandoning module SceneDepthPickerMode (514)
[2017.10.10-20.08.17:210][780]LogModuleManager: Shutting down and abandoning module ActorPickerMode (512)
[2017.10.10-20.08.17:210][780]LogModuleManager: Shutting down and abandoning module GeometryMode (510)
[2017.10.10-20.08.17:210][780]LogModuleManager: Shutting down and abandoning module TextureAlignMode (508)
[2017.10.10-20.08.17:211][780]LogModuleManager: Shutting down and abandoning module BspMode (506)
[2017.10.10-20.08.17:211][780]LogModuleManager: Shutting down and abandoning module PIEPreviewDeviceProfileSelector (504)
[2017.10.10-20.08.17:211][780]LogModuleManager: Shutting down and abandoning module HardwareSurvey (502)
[2017.10.10-20.08.17:211][780]LogModuleManager: Shutting down and abandoning module SequenceRecorderSections (500)
[2017.10.10-20.08.17:211][780]LogModuleManager: Shutting down and abandoning module AutomationWorker (498)
[2017.10.10-20.08.17:211][780]LogModuleManager: Shutting down and abandoning module HoudiniEngineEditor (496)
[2017.10.10-20.08.17:211][780]LogHoudiniEngineEditor: Shutting down the Houdini Engine Editor module.
[2017.10.10-20.08.17:211][780]LogModuleManager: Shutting down and abandoning module MatineeToLevelSequence (494)
[2017.10.10-20.08.17:211][780]LogModuleManager: Shutting down and abandoning module LevelSequenceEditor (492)
[2017.10.10-20.08.17:211][780]LogModuleManager: Shutting down and abandoning module PlacementMode (491)
[2017.10.10-20.08.17:211][780]LogModuleManager: Shutting down and abandoning module WmfMediaFactory (488)
[2017.10.10-20.08.17:211][780]LogModuleManager: Shutting down and abandoning module WmfMediaEditor (486)
[2017.10.10-20.08.17:211][780]LogModuleManager: Shutting down and abandoning module AvfMediaFactory (484)
[2017.10.10-20.08.17:211][780]LogModuleManager: Shutting down and abandoning module AvfMediaEditor (482)
[2017.10.10-20.08.17:211][780]LogModuleManager: Shutting down and abandoning module AndroidMediaFactory (480)
[2017.10.10-20.08.17:211][780]LogModuleManager: Shutting down and abandoning module Media (479)
[2017.10.10-20.08.17:211][780]LogModuleManager: Shutting down and abandoning module AndroidMediaEditor (476)
[2017.10.10-20.08.17:211][780]LogModuleManager: Shutting down and abandoning module CharacterAI (474)
[2017.10.10-20.08.17:211][780]LogModuleManager: Shutting down and abandoning module AudioCapture (472)
[2017.10.10-20.08.17:211][780]LogModuleManager: Shutting down and abandoning module SequenceRecorder (471)
[2017.10.10-20.08.17:211][780]LogModuleManager: Shutting down and abandoning module SmartSnapping (468)
[2017.10.10-20.08.17:211][780]LogModuleManager: Shutting down and abandoning module SessionServices (466)
[2017.10.10-20.08.17:211][780]LogModuleManager: Shutting down and abandoning module ViewportSnapping (464)
[2017.10.10-20.08.17:211][780]LogModuleManager: Shutting down and abandoning module ViewportInteraction (462)
[2017.10.10-20.08.17:211][780]LogModuleManager: Shutting down and abandoning module ClothPainter (460)
[2017.10.10-20.08.17:211][780]LogModuleManager: Shutting down and abandoning module LogVisualizer (458)
[2017.10.10-20.08.17:211][780]LogModuleManager: Shutting down and abandoning module IntroTutorials (456)
[2017.10.10-20.08.17:211][780]LogModuleManager: Shutting down and abandoning module GameProjectGeneration (455)
[2017.10.10-20.08.17:211][780]LogModuleManager: Shutting down and abandoning module IOSPlatformEditor (452)
[2017.10.10-20.08.17:212][780]LogModuleManager: Shutting down and abandoning module HTML5PlatformEditor (450)
[2017.10.10-20.08.17:212][780]LogModuleManager: Shutting down and abandoning module AndroidPlatformEditor (448)
[2017.10.10-20.08.17:212][780]LogModuleManager: Shutting down and abandoning module AndroidDeviceDetection (447)
[2017.10.10-20.08.18:122][780]LogModuleManager: Shutting down and abandoning module WindowsPlatformEditor (444)
[2017.10.10-20.08.18:123][780]LogModuleManager: Shutting down and abandoning module IOSRuntimeSettings (442)
[2017.10.10-20.08.18:123][780]LogModuleManager: Shutting down and abandoning module AndroidRuntimeSettings (440)
[2017.10.10-20.08.18:123][780]LogModuleManager: Shutting down and abandoning module InputBindingEditor (438)
[2017.10.10-20.08.18:123][780]LogModuleManager: Shutting down and abandoning module MergeActors (436)
[2017.10.10-20.08.18:123][780]LogModuleManager: Shutting down and abandoning module SizeMap (434)
[2017.10.10-20.08.18:123][780]LogModuleManager: Shutting down and abandoning module TreeMap (432)
[2017.10.10-20.08.18:123][780]LogModuleManager: Shutting down and abandoning module ReferenceViewer (430)
[2017.10.10-20.08.18:123][780]LogModuleManager: Shutting down and abandoning module LocalizationDashboard (428)
[2017.10.10-20.08.18:123][780]LogModuleManager: Shutting down and abandoning module LocalizationService (427)
[2017.10.10-20.08.18:123][780]LogModuleManager: Shutting down and abandoning module HardwareTargeting (424)
[2017.10.10-20.08.18:123][780]LogModuleManager: Shutting down and abandoning module DeviceProfileEditor (422)
[2017.10.10-20.08.18:123][780]LogModuleManager: Shutting down and abandoning module UndoHistory (420)
[2017.10.10-20.08.18:123][780]LogModuleManager: Shutting down and abandoning module XmlParser (418)
[2017.10.10-20.08.18:123][780]LogModuleManager: Shutting down and abandoning module Blutility (416)
[2017.10.10-20.08.18:123][780]LogModuleManager: Shutting down and abandoning module ProjectSettingsViewer (414)
[2017.10.10-20.08.18:123][780]LogModuleManager: Shutting down and abandoning module ProjectTargetPlatformEditor (413)
[2017.10.10-20.08.18:123][780]LogModuleManager: Shutting down and abandoning module EditorSettingsViewer (410)
[2017.10.10-20.08.18:123][780]LogModuleManager: Shutting down and abandoning module SettingsEditor (408)
[2017.10.10-20.08.18:123][780]LogModuleManager: Shutting down and abandoning module ProjectLauncher (406)
[2017.10.10-20.08.18:123][780]LogModuleManager: Shutting down and abandoning module SessionFrontend (404)
[2017.10.10-20.08.18:123][780]LogModuleManager: Shutting down and abandoning module ProfilerClient (402)
[2017.10.10-20.08.18:123][780]LogModuleManager: Shutting down and abandoning module DeviceManager (400)
[2017.10.10-20.08.18:123][780]LogModuleManager: Shutting down and abandoning module TargetDeviceServices (399)
[2017.10.10-20.08.19:405][780]LogModuleManager: Shutting down and abandoning module AutomationController (396)
[2017.10.10-20.08.19:405][780]LogModuleManager: Shutting down and abandoning module AutomationWindow (394)
[2017.10.10-20.08.19:405][780]LogModuleManager: Shutting down and abandoning module Layers (392)
[2017.10.10-20.08.19:405][780]LogModuleManager: Shutting down and abandoning module ComponentVisualizers (390)
[2017.10.10-20.08.19:405][780]LogModuleManager: Shutting down and abandoning module DetailCustomizations (388)
[2017.10.10-20.08.19:405][780]LogModuleManager: Shutting down and abandoning module PackagesDialog (386)
[2017.10.10-20.08.19:405][780]LogModuleManager: Shutting down and abandoning module Persona (384)
[2017.10.10-20.08.19:406][780]LogModuleManager: Shutting down and abandoning module AdvancedPreviewScene (383)
[2017.10.10-20.08.19:406][780]LogModuleManager: Shutting down and abandoning module AnimGraph (381)
[2017.10.10-20.08.19:406][780]LogModuleManager: Shutting down and abandoning module Kismet (378)
[2017.10.10-20.08.19:406][780]LogModuleManager: Shutting down and abandoning module ClassViewer (376)
[2017.10.10-20.08.19:406][780]LogModuleManager: Shutting down and abandoning module Toolbox (374)
[2017.10.10-20.08.19:406][780]LogModuleManager: Shutting down and abandoning module ModuleUI (372)
[2017.10.10-20.08.19:406][780]LogModuleManager: Shutting down and abandoning module MovieSceneTools (370)
[2017.10.10-20.08.19:406][780]LogModuleManager: Shutting down and abandoning module OutputLog (368)
[2017.10.10-20.08.19:406][780]LogModuleManager: Shutting down and abandoning module GammaUI (366)
[2017.10.10-20.08.19:406][780]LogModuleManager: Shutting down and abandoning module Documentation (364)
[2017.10.10-20.08.19:406][780]LogModuleManager: Shutting down and abandoning module MovieSceneTracks (362)
[2017.10.10-20.08.19:407][780]LogModuleManager: Shutting down and abandoning module MovieScene (360)
[2017.10.10-20.08.19:407][780]LogModuleManager: Shutting down and abandoning module Niagara (358)
[2017.10.10-20.08.19:407][780]LogModuleManager: Shutting down and abandoning module NiagaraEditor (357)
[2017.10.10-20.08.19:407][780]LogModuleManager: Shutting down and abandoning module StreamingPauseRendering (354)
[2017.10.10-20.08.19:407][780]LogModuleManager: Shutting down and abandoning module LauncherPlatform (352)
[2017.10.10-20.08.19:407][780]LogModuleManager: Shutting down and abandoning module AnalyticsET (350)
[2017.10.10-20.08.19:407][780]LogModuleManager: Shutting down and abandoning module PortalServices (348)
[2017.10.10-20.08.19:407][780]LogModuleManager: Shutting down and abandoning module PortalRpc (346)
[2017.10.10-20.08.19:407][780]LogModuleManager: Shutting down and abandoning module MessagingRpc (344)
[2017.10.10-20.08.19:407][780]LogModuleManager: Shutting down and abandoning module AIModule (342)
[2017.10.10-20.08.19:407][780]LogModuleManager: Shutting down and abandoning module GameplayDebugger (341)
[2017.10.10-20.08.19:407][780]LogModuleManager: Shutting down and abandoning module AITestSuite (339)
[2017.10.10-20.08.19:407][780]LogModuleManager: Shutting down and abandoning module ProfilerService (336)
[2017.10.10-20.08.19:675][780]LogModuleManager: Shutting down and abandoning module TaskGraph (334)
[2017.10.10-20.08.19:676][780]LogModuleManager: Shutting down and abandoning module SteamVRController (332)
[2017.10.10-20.08.19:676][780]LogModuleManager: Shutting down and abandoning module ProceduralMeshComponentEditor (330)
[2017.10.10-20.08.19:676][780]LogModuleManager: Shutting down and abandoning module ProceduralMeshComponent (328)
[2017.10.10-20.08.19:676][780]LogModuleManager: Shutting down and abandoning module OculusInput (326)
[2017.10.10-20.08.19:676][780]LogModuleManager: Shutting down and abandoning module MobilePatchingUtils (324)
[2017.10.10-20.08.19:676][780]LogModuleManager: Shutting down and abandoning module HoudiniEngineRuntime (322)
[2017.10.10-20.08.19:676][780]LogHoudiniEngine: Shutting down the Houdini Engine module.
[2017.10.10-20.08.19:677][780]LogModuleManager: Shutting down and abandoning module CustomMeshComponent (320)
[2017.10.10-20.08.19:678][780]LogModuleManager: Shutting down and abandoning module CableComponent (318)
[2017.10.10-20.08.19:678][780]LogModuleManager: Shutting down and abandoning module ArchVisCharacter (316)
[2017.10.10-20.08.19:678][780]LogModuleManager: Shutting down and abandoning module AndroidPermission (314)
[2017.10.10-20.08.19:678][780]LogModuleManager: Shutting down and abandoning module MediaPlayerEditor (310)
[2017.10.10-20.08.19:678][780]LogModuleManager: Shutting down and abandoning module HTML5Networking (308)
[2017.10.10-20.08.19:678][780]LogModuleManager: Shutting down and abandoning module AlembicImporter (306)
[2017.10.10-20.08.19:678][780]LogModuleManager: Shutting down and abandoning module AlembicLibrary (305)
[2017.10.10-20.08.19:678][780]LogModuleManager: Shutting down and abandoning module GeometryCache (304)
[2017.10.10-20.08.19:678][780]LogModuleManager: Shutting down and abandoning module GeometryCacheEd (303)
[2017.10.10-20.08.19:678][780]LogModuleManager: Shutting down and abandoning module SpeedTreeImporter (298)
[2017.10.10-20.08.19:678][780]LogModuleManager: Shutting down and abandoning module PluginBrowser (296)
[2017.10.10-20.08.19:678][780]LogModuleManager: Shutting down and abandoning module MobileLauncherProfileWizard (294)
[2017.10.10-20.08.19:678][780]LogModuleManager: Shutting down and abandoning module VisualStudioSourceCodeAccess (292)
[2017.10.10-20.08.19:678][780]LogModuleManager: Shutting down and abandoning module DesktopPlatform (291)
[2017.10.10-20.08.19:678][780]LogModuleManager: Shutting down and abandoning module UObjectPlugin (288)
[2017.10.10-20.08.19:678][780]LogModuleManager: Shutting down and abandoning module SubversionSourceControl (286)
[2017.10.10-20.08.19:678][780]LogModuleManager: Shutting down and abandoning module PerforceSourceControl (284)
[2017.10.10-20.08.19:678][780]LogModuleManager: Shutting down and abandoning module GitSourceControl (282)
[2017.10.10-20.08.19:678][780]LogModuleManager: Shutting down and abandoning module SourceControl (281)
[2017.10.10-20.08.19:678][780]LogModuleManager: Shutting down and abandoning module LightPropagationVolumeEditor (278)
[2017.10.10-20.08.19:678][780]LogModuleManager: Shutting down and abandoning module PaperTiledImporter (276)
[2017.10.10-20.08.19:678][780]LogModuleManager: Shutting down and abandoning module PaperSpriteSheetImporter (274)
[2017.10.10-20.08.19:678][780]LogModuleManager: Shutting down and abandoning module Paper2DEditor (272)
[2017.10.10-20.08.19:678][780]LogModuleManager: Shutting down and abandoning module MeshPaint (271)
[2017.10.10-20.08.19:678][780]LogModuleManager: Shutting down and abandoning module LevelEditor (269)
[2017.10.10-20.08.19:679][780]LogModuleManager: Shutting down and abandoning module PixelInspectorModule (268)
[2017.10.10-20.08.19:679][780]LogModuleManager: Shutting down and abandoning module MainFrame (266)
[2017.10.10-20.08.19:679][780]LogModuleManager: Shutting down and abandoning module HotReload (265)
[2017.10.10-20.08.19:680][780]LogModuleManager: Shutting down and abandoning module RuntimePhysXCooking (260)
[2017.10.10-20.08.19:680][780]LogModuleManager: Shutting down and abandoning module PhysXVehiclesEditor (258)
[2017.10.10-20.08.19:680][780]LogModuleManager: Shutting down and abandoning module PhysXVehicles (256)
[2017.10.10-20.08.19:680][780]LogModuleManager: Shutting down and abandoning module OculusEditor (254)
[2017.10.10-20.08.19:680][780]LogModuleManager: Shutting down and abandoning module LocationServicesBPLibrary (252)
[2017.10.10-20.08.19:680][780]LogModuleManager: Shutting down and abandoning module ImmediatePhysicsEditor (250)
[2017.10.10-20.08.19:680][780]LogModuleManager: Shutting down and abandoning module ImmediatePhysics (248)
[2017.10.10-20.08.19:680][780]LogModuleManager: Shutting down and abandoning module UdpMessaging (246)
[2017.10.10-20.08.19:780][780]LogModuleManager: Shutting down and abandoning module TcpMessaging (244)
[2017.10.10-20.08.19:880][780]LogModuleManager: Shutting down and abandoning module GameplayTagsEditor (242)
[2017.10.10-20.08.19:880][780]LogModuleManager: Shutting down and abandoning module FacialAnimationEditor (240)
[2017.10.10-20.08.19:880][780]LogModuleManager: Shutting down and abandoning module FacialAnimation (238)
[2017.10.10-20.08.19:880][780]LogModuleManager: Shutting down and abandoning module AssetManagerEditor (236)
[2017.10.10-20.08.19:880][780]LogModuleManager: Shutting down and abandoning module GraphEditor (235)
[2017.10.10-20.08.19:880][780]LogModuleManager: Shutting down and abandoning module ContentBrowser (233)
[2017.10.10-20.08.19:881][780]LogModuleManager: Shutting down and abandoning module LightPropagationVolumeRuntime (230)
[2017.10.10-20.08.19:881][780]LogModuleManager: Shutting down and abandoning module Paper2D (228)
[2017.10.10-20.08.19:881][780]LogModuleManager: Shutting down and abandoning module WindowsMoviePlayer (226)
[2017.10.10-20.08.19:881][780]LogModuleManager: Shutting down and abandoning module WmfMedia (224)
[2017.10.10-20.08.19:882][780]LogModuleManager: Shutting down and abandoning module PacketHandler (222)
[2017.10.10-20.08.19:883][780]LogModuleManager: Shutting down and abandoning module ClothingSystemEditor (220)
[2017.10.10-20.08.19:883][780]LogModuleManager: Shutting down and abandoning module ClothingSystemRuntime (218)
[2017.10.10-20.08.19:883][780]LogModuleManager: Shutting down and abandoning module Overlay (216)
[2017.10.10-20.08.19:883][780]LogModuleManager: Shutting down and abandoning module OverlayEditor (215)
[2017.10.10-20.08.19:883][780]LogModuleManager: Shutting down and abandoning module MediaAssets (212)
[2017.10.10-20.08.19:883][780]LogModuleManager: Shutting down and abandoning module VREditor (210)
[2017.10.10-20.08.19:883][780]LogModuleManager: Shutting down and abandoning module StringTableEditor (208)
[2017.10.10-20.08.19:883][780]LogModuleManager: Shutting down and abandoning module GameplayTasksEditor (206)
[2017.10.10-20.08.19:883][780]LogModuleManager: Shutting down and abandoning module BehaviorTreeEditor (204)
[2017.10.10-20.08.19:883][780]LogModuleManager: Shutting down and abandoning module FunctionalTesting (202)
[2017.10.10-20.08.19:883][780]LogModuleManager: Shutting down and abandoning module CollisionAnalyzer (200)
[2017.10.10-20.08.19:883][780]LogModuleManager: Shutting down and abandoning module WorkspaceMenuStructure (199)
[2017.10.10-20.08.19:883][780]LogModuleManager: Shutting down and abandoning module UMG (196)
[2017.10.10-20.08.19:883][780]LogModuleManager: Shutting down and abandoning module UMGEditor (195)
[2017.10.10-20.08.19:883][780]LogModuleManager: Shutting down and abandoning module Sequencer (194)
[2017.10.10-20.08.19:883][780]LogModuleManager: Shutting down and abandoning module MessageLog (191)
[2017.10.10-20.08.19:883][780]LogModuleManager: Shutting down and abandoning module SlateReflector (186)
[2017.10.10-20.08.19:883][780]LogModuleManager: Shutting down and abandoning module Slate (184)
[2017.10.10-20.08.19:883][780]LogModuleManager: Shutting down and abandoning module EditorStyle (182)
[2017.10.10-20.08.19:886][780]LogModuleManager: Shutting down and abandoning module MRMesh (180)
[2017.10.10-20.08.19:886][780]LogModuleManager: Shutting down and abandoning module SourceCodeAccess (178)
[2017.10.10-20.08.19:886][780]LogModuleManager: Shutting down and abandoning module HeadMountedDisplay (176)
[2017.10.10-20.08.19:886][780]LogModuleManager: Shutting down and abandoning module XAudio2 (174)
[2017.10.10-20.08.19:886][780]LogModuleManager: Shutting down and abandoning module Networking (172)
[2017.10.10-20.08.19:886][780]LogModuleManager: Shutting down and abandoning module Core (168)
[2017.10.10-20.08.19:886][780]LogModuleManager: Shutting down and abandoning module KismetCompiler (164)
[2017.10.10-20.08.19:886][780]LogModuleManager: Shutting down and abandoning module MeshUtilities (162)
[2017.10.10-20.08.19:886][780]LogModuleManager: Shutting down and abandoning module MeshMergeUtilities (161)
[2017.10.10-20.08.19:886][780]LogModuleManager: Shutting down and abandoning module MeshReductionInterface (160)
[2017.10.10-20.08.19:886][780]LogModuleManager: Shutting down and abandoning module SimplygonSwarm (159)
[2017.10.10-20.08.19:886][780]LogModuleManager: Shutting down and abandoning module SimplygonMeshReduction (157)
[2017.10.10-20.08.19:886][780]LogModuleManager: Shutting down and abandoning module QuadricMeshReduction (155)
[2017.10.10-20.08.19:886][780]LogModuleManager: Shutting down and abandoning module MaterialBaking (151)
[2017.10.10-20.08.19:886][780]LogModuleManager: Shutting down and abandoning module LevelSequence (148)
[2017.10.10-20.08.19:886][780]LogModuleManager: Shutting down and abandoning module DirectoryWatcher (146)
[2017.10.10-20.08.19:887][780]LogModuleManager: Shutting down and abandoning module DerivedDataCache (144)
[2017.10.10-20.08.19:908][780]LogDerivedDataCache: Shutdown
[2017.10.10-20.08.19:908][780]LogModuleManager: Shutting down and abandoning module TargetPlatform (142)
[2017.10.10-20.08.19:908][780]LogModuleManager: Shutting down and abandoning module VulkanShaderFormat (141)
[2017.10.10-20.08.19:909][780]LogModuleManager: Shutting down and abandoning module ShaderFormatVectorVM (139)
[2017.10.10-20.08.19:909][780]LogModuleManager: Shutting down and abandoning module ShaderFormatOpenGL (137)
[2017.10.10-20.08.19:909][780]LogModuleManager: Shutting down and abandoning module ShaderFormatD3D (135)
[2017.10.10-20.08.19:909][780]LogModuleManager: Shutting down and abandoning module MetalShaderFormat (133)
[2017.10.10-20.08.19:909][780]LogModuleManager: Shutting down and abandoning module TextureFormatUncompressed (131)
[2017.10.10-20.08.19:909][780]LogModuleManager: Shutting down and abandoning module TextureFormatPVR (129)
[2017.10.10-20.08.19:909][780]LogModuleManager: Shutting down and abandoning module TextureFormatDXT (127)
[2017.10.10-20.08.19:909][780]LogModuleManager: Shutting down and abandoning module TextureFormatIntelISPCTexComp (125)
[2017.10.10-20.08.19:909][780]LogModuleManager: Shutting down and abandoning module TextureFormatASTC (123)
[2017.10.10-20.08.19:909][780]LogModuleManager: Shutting down and abandoning module ImageWrapper (122)
[2017.10.10-20.08.19:909][780]LogModuleManager: Shutting down and abandoning module TextureFormatAndroid (119)
[2017.10.10-20.08.19:909][780]LogModuleManager: Shutting down and abandoning module AudioFormatOpus (117)
[2017.10.10-20.08.19:909][780]LogModuleManager: Shutting down and abandoning module AudioFormatOgg (115)
[2017.10.10-20.08.19:909][780]LogModuleManager: Shutting down and abandoning module AudioFormatADPCM (113)
[2017.10.10-20.08.19:909][780]LogModuleManager: Shutting down and abandoning module LinuxTargetPlatform (111)
[2017.10.10-20.08.19:909][780]LogModuleManager: Shutting down and abandoning module LinuxServerTargetPlatform (109)
[2017.10.10-20.08.19:909][780]LogModuleManager: Shutting down and abandoning module LinuxNoEditorTargetPlatform (107)
[2017.10.10-20.08.19:909][780]LogModuleManager: Shutting down and abandoning module LinuxClientTargetPlatform (105)
[2017.10.10-20.08.19:909][780]LogModuleManager: Shutting down and abandoning module TVOSTargetPlatform (103)
[2017.10.10-20.08.19:909][780]LogModuleManager: Shutting down and abandoning module Messaging (101)
[2017.10.10-20.08.19:909][780]LogModuleManager: Shutting down and abandoning module IOSTargetPlatform (99)
[2017.10.10-20.08.19:909][780]LogModuleManager: Shutting down and abandoning module HTML5TargetPlatform (97)
[2017.10.10-20.08.19:909][780]LogModuleManager: Shutting down and abandoning module Android_PVRTCTargetPlatform (95)
[2017.10.10-20.08.19:909][780]LogModuleManager: Shutting down and abandoning module Android_MultiTargetPlatform (93)
[2017.10.10-20.08.19:909][780]LogModuleManager: Shutting down and abandoning module Android_ETC2TargetPlatform (91)
[2017.10.10-20.08.19:909][780]LogModuleManager: Shutting down and abandoning module Android_ETC1TargetPlatform (89)
[2017.10.10-20.08.19:909][780]LogModuleManager: Shutting down and abandoning module Android_DXTTargetPlatform (87)
[2017.10.10-20.08.19:909][780]LogModuleManager: Shutting down and abandoning module Android_ATCTargetPlatform (85)
[2017.10.10-20.08.19:909][780]LogModuleManager: Shutting down and abandoning module Android_ASTCTargetPlatform (83)
[2017.10.10-20.08.19:909][780]LogModuleManager: Shutting down and abandoning module AndroidTargetPlatform (81)
[2017.10.10-20.08.19:909][780]LogModuleManager: Shutting down and abandoning module WindowsTargetPlatform (79)
[2017.10.10-20.08.19:909][780]LogModuleManager: Shutting down and abandoning module WindowsServerTargetPlatform (77)
[2017.10.10-20.08.19:909][780]LogModuleManager: Shutting down and abandoning module WindowsNoEditorTargetPlatform (75)
[2017.10.10-20.08.19:909][780]LogModuleManager: Shutting down and abandoning module WindowsClientTargetPlatform (73)
[2017.10.10-20.08.19:909][780]LogModuleManager: Shutting down and abandoning module MacTargetPlatform (71)
[2017.10.10-20.08.19:909][780]LogModuleManager: Shutting down and abandoning module MacServerTargetPlatform (69)
[2017.10.10-20.08.19:909][780]LogModuleManager: Shutting down and abandoning module MacNoEditorTargetPlatform (67)
[2017.10.10-20.08.19:909][780]LogModuleManager: Shutting down and abandoning module MacClientTargetPlatform (65)
[2017.10.10-20.08.19:909][780]LogModuleManager: Shutting down and abandoning module AllDesktopTargetPlatform (63)
[2017.10.10-20.08.19:909][780]LogModuleManager: Shutting down and abandoning module InputCore (60)
[2017.10.10-20.08.19:909][780]LogModuleManager: Shutting down and abandoning module Settings (58)
[2017.10.10-20.08.19:910][780]LogModuleManager: Shutting down and abandoning module PhysXCooking (56)
[2017.10.10-20.08.19:910][780]LogModuleManager: Shutting down and abandoning module SteamVR (54)
[2017.10.10-20.08.19:910][780]LogModuleManager: Shutting down and abandoning module OculusHMD (52)
[2017.10.10-20.08.19:910][780]LogModuleManager: Shutting down and abandoning module ExampleDeviceProfileSelector (50)
[2017.10.10-20.08.19:910][780]LogModuleManager: Shutting down and abandoning module OnlineBlueprintSupport (48)
[2017.10.10-20.08.19:910][780]LogModuleManager: Shutting down and abandoning module OnlineSubsystem (44)
[2017.10.10-20.08.19:910][780]LogOnline: Display: Unloading online subsystem: NULL
[2017.10.10-20.08.19:910][780]LogModuleManager: Shutting down and abandoning module XMPP (43)
[2017.10.10-20.08.19:910][780]LogModuleManager: Shutting down and abandoning module HTTP (41)
[2017.10.10-20.08.19:910][780]LogHttp: Display: Http module shutting down, but needs to wait on 1 outstanding Http requests:
[2017.10.10-20.08.19:910][780]LogHttp: Display: 	verb=[POST] url=[https://datarouter.ol.epicgames.com/datarouter/api/v1/public/data?SessionID=%7BEB96AA6B-4881-06DF-E333-A2803F2D9273%7D&AppID=UEEditor.Rocket.Release&AppVersion=4.17.2-3658906%2B%2B%2BUE4%2BRelease-4.17&UserID=ba4e2de4431c333d6da457961e241863%7Cbff5a96170ba471b8efaf63d33225a22%7C1aa2b212-83dd-4462-a9d6-bbda73f5aa35&AppEnvironment=datacollector-binary&UploadType=eteventstream] status=Processing
[2017.10.10-20.08.19:934][780]LogModuleManager: Shutting down and abandoning module SSL (40)
[2017.10.10-20.08.19:935][780]LogModuleManager: Shutting down and abandoning module AnimationModifiers (36)
[2017.10.10-20.08.19:935][780]LogModuleManager: Shutting down and abandoning module PropertyEditor (35)
[2017.10.10-20.08.19:935][780]LogModuleManager: Shutting down and abandoning module AudioEditor (32)
[2017.10.10-20.08.19:935][780]LogModuleManager: Shutting down and abandoning module TextureCompressor (30)
[2017.10.10-20.08.19:935][780]LogModuleManager: Shutting down and abandoning module ShaderCore (28)
[2017.10.10-20.08.19:936][780]LogModuleManager: Shutting down and abandoning module Landscape (26)
[2017.10.10-20.08.19:936][780]LogModuleManager: Shutting down and abandoning module SlateRHIRenderer (24)
[2017.10.10-20.08.19:936][780]LogModuleManager: Shutting down and abandoning module OpenGLDrv (22)
[2017.10.10-20.08.19:937][780]LogModuleManager: Shutting down and abandoning module D3D11RHI (20)
[2017.10.10-20.08.19:937][780]LogModuleManager: Shutting down and abandoning module AnimGraphRuntime (18)
[2017.10.10-20.08.19:937][780]LogModuleManager: Shutting down and abandoning module Renderer (16)
[2017.10.10-20.08.19:937][780]LogModuleManager: Shutting down and abandoning module Engine (14)
[2017.10.10-20.08.19:937][780]LogModuleManager: Shutting down and abandoning module CoreUObject (12)
[2017.10.10-20.08.19:937][780]LogModuleManager: Shutting down and abandoning module NetworkFile (10)
[2017.10.10-20.08.19:937][780]LogModuleManager: Shutting down and abandoning module CookedIterativeFile (8)
[2017.10.10-20.08.19:937][780]LogModuleManager: Shutting down and abandoning module StreamingFile (6)
[2017.10.10-20.08.19:937][780]LogModuleManager: Shutting down and abandoning module SandboxFile (4)
[2017.10.10-20.08.19:937][780]LogModuleManager: Shutting down and abandoning module PakFile (2)
[2017.10.10-20.08.19:942][780]LogExit: Exiting.
[2017.10.10-20.08.19:952][780]Log file closed, 10/10/17 14:08:19
